#-----------------------------------------------------------
# Vivado v2022.2 (64-bit)
# SW Build 3671981 on Fri Oct 14 04:59:54 MDT 2022
# IP Build 3669848 on Fri Oct 14 08:30:02 MDT 2022
# Start of session at: Thu Apr 18 14:31:56 2024
# Process ID: 1971764
# Current directory: /local/d1/mcp011/demo2_led
# Command line: vivado
# Log file: /local/d1/mcp011/demo2_led/vivado.log
# Journal file: /local/d1/mcp011/demo2_led/vivado.jou
# Running On: kdplab01, OS: Linux, CPU Frequency: 3400.000 MHz, CPU Physical cores: 32, Host memory: 134204 MB
#-----------------------------------------------------------
start_gui
WARNING: [Board 49-26] cannot add Board Part xilinx.com:vek280_es:part0:1.0 available at /local/code/Xilinx/Vivado/2022.2/data/xhub/boards/XilinxBoardStore/boards/Xilinx/vek280/es/1.0/board.xml as part xcve2802-vsvh1760-2lp-e-s-es1 specified in board_part file is either invalid or not available
WARNING: [Board 49-26] cannot add Board Part xilinx.com:vhk158_es:part0:1.0 available at /local/code/Xilinx/Vivado/2022.2/data/xhub/boards/XilinxBoardStore/boards/Xilinx/vhk158/es/1.0/board.xml as part xcvh1582-vsva3697-2mp-e-s-es1 specified in board_part file is either invalid or not available
WARNING: [Board 49-26] cannot add Board Part xilinx.com:vpk120_es:part0:1.2 available at /local/code/Xilinx/Vivado/2022.2/data/xhub/boards/XilinxBoardStore/boards/Xilinx/vpk120/es/1.2/board.xml as part xcvp1202-vsva2785-2mp-e-s-es1 specified in board_part file is either invalid or not available
WARNING: [Board 49-26] cannot add Board Part xilinx.com:vpk120_es_revb:part0:1.0 available at /local/code/Xilinx/Vivado/2022.2/data/xhub/boards/XilinxBoardStore/boards/Xilinx/vpk120_revb/es/1.0/board.xml as part xcvp1202-vsva2785-2mp-e-s-es1 specified in board_part file is either invalid or not available
WARNING: [Board 49-26] cannot add Board Part xilinx.com:vpk180_es:part0:1.0 available at /local/code/Xilinx/Vivado/2022.2/data/xhub/boards/XilinxBoardStore/boards/Xilinx/vpk180/es/1.0/board.xml as part xcvp1802-lsvc4072-2mp-e-s-es1 specified in board_part file is either invalid or not available
WARNING: [Board 49-26] cannot add Board Part xilinx.com:zcu208ld:part0:2.0 available at /local/code/Xilinx/Vivado/2022.2/data/xhub/boards/XilinxBoardStore/boards/Xilinx/zcu208ld/production/2.0/board.xml as part xczu58dr-fsvg1517-2-i specified in board_part file is either invalid or not available
WARNING: [Board 49-26] cannot add Board Part xilinx.com:zcu216ld:part0:2.0 available at /local/code/Xilinx/Vivado/2022.2/data/xhub/boards/XilinxBoardStore/boards/Xilinx/zcu216ld/production/2.0/board.xml as part xczu59dr-ffvf1760-2-i specified in board_part file is either invalid or not available
WARNING: [Board 49-26] cannot add Board Part xilinx.com:zcu670:part0:2.0 available at /local/code/Xilinx/Vivado/2022.2/data/xhub/boards/XilinxBoardStore/boards/Xilinx/zcu670/2.0/board.xml as part xczu67dr-fsve1156-2-i specified in board_part file is either invalid or not available
WARNING: [Board 49-26] cannot add Board Part xilinx.com:zcu670ld:part0:1.0 available at /local/code/Xilinx/Vivado/2022.2/data/xhub/boards/XilinxBoardStore/boards/Xilinx/zcu670ld/1.0/board.xml as part xczu57dr-fsve1156-2-i specified in board_part file is either invalid or not available
open_hw_manager
INFO: [IP_Flow 19-234] Refreshing IP repositories
INFO: [IP_Flow 19-1704] No user IP repositories specified
INFO: [IP_Flow 19-2313] Loaded Vivado IP repository '/code/Xilinx/Vivado/2022.2/data/ip'.
open_hw_manager: Time (s): cpu = 00:00:09 ; elapsed = 00:00:10 . Memory (MB): peak = 7230.266 ; gain = 133.668 ; free physical = 107163 ; free virtual = 124146
connect_hw_server -allow_non_jtag
INFO: [Labtools 27-2285] Connecting to hw_server url TCP:localhost:3121
INFO: [Labtools 27-2222] Launching hw_server...
INFO: [Labtools 27-2221] Launch Output:

****** Xilinx hw_server v2022.2
  **** Build date : Oct 14 2022 at 05:10:28
    ** Copyright 1986-2022 Xilinx, Inc. All Rights Reserved.


INFO: [Labtools 27-3415] Connecting to cs_server url TCP:localhost:0
INFO: [Labtools 27-3417] Launching cs_server...
INFO: [Labtools 27-2221] Launch Output:


******** Xilinx cs_server v2022.2.0
  ****** Build date   : Oct 04 2022-18:25:37
    **** Build number : 2022.2.1664925937
      ** Copyright 2017-2024 Xilinx, Inc. All Rights Reserved.



open_hw_target
INFO: [Labtoolstcl 44-466] Opening hw_target localhost:3121/xilinx_tcf/Digilent/210308A464E4
open_hw_target: Time (s): cpu = 00:00:02 ; elapsed = 00:00:06 . Memory (MB): peak = 9068.406 ; gain = 1836.035 ; free physical = 105073 ; free virtual = 122132
current_hw_device [get_hw_devices xczu9_0]
refresh_hw_device -update_hw_probes false [lindex [get_hw_devices xczu9_0] 0]
INFO: [Labtools 27-1434] Device xczu9 (JTAG device index = 0) is programmed with a design that has no supported debug core(s) in it.
current_hw_device [get_hw_devices arm_dap_1]
refresh_hw_device -update_hw_probes false [lindex [get_hw_devices arm_dap_1] 0]
current_hw_device [get_hw_devices xczu9_0]
close_project
open_project /local/d1/mcp011/demo2_led/project_1/project_1.xpr
CRITICAL WARNING: [Project 1-19] Could not find the file '/local/d1/mcp011/demo1_ps_only/demo1_ps_only.srcs/utils_1/imports/synth_1/demo2_led_wrapper.dcp'.
WARNING: [Project 1-865] Could not find the file /local/d1/mcp011/demo1_ps_only/demo1_ps_only.srcs/utils_1/imports/synth_1/demo2_led_wrapper.dcp
Scanning sources...
Finished scanning sources
INFO: [IP_Flow 19-234] Refreshing IP repositories
INFO: [IP_Flow 19-1704] No user IP repositories specified
INFO: [IP_Flow 19-2313] Loaded Vivado IP repository '/code/Xilinx/Vivado/2022.2/data/ip'.
WARNING: [BD 41-1661] One or more IPs have been locked in the design 'demo2_led.bd'. Please run report_ip_status for more details and recommendations on how to fix this issue.
List of locked IPs:
demo2_led_system_ila_0_0
demo2_led_ps8_0_axi_periph_0
demo2_led_auto_pc_0
demo2_led_xbar_0
demo2_led_jtag_axi_0_0
demo2_led_zynq_ultra_ps_e_0_0
demo2_led_axi_gpio_0_1
demo2_led_axi_timer_0_0
demo2_led_auto_pc_1
demo2_led_axi_gpio_0_0

WARNING: [BD 41-1661] One or more IPs have been locked in the design 'demo2_led_sim.bd'. Please run report_ip_status for more details and recommendations on how to fix this issue.
List of locked IPs:
demo2_led_sim_clk_wiz_0
demo2_led_sim_axi_vip_0_axi_periph_0
demo2_led_sim_auto_pc_0
demo2_led_sim_axi_vip_0_0
demo2_led_sim_axi_gpio_0_0
demo2_led_sim_axi_gpio_1_0
demo2_led_sim_xbar_0

WARNING: [BD 41-1661] One or more IPs have been locked in the design 'demo1_ps_only.bd'. Please run report_ip_status for more details and recommendations on how to fix this issue.
List of locked IPs:
demo1_ps_only_zynq_ultra_ps_e_0_0

open_project: Time (s): cpu = 00:00:09 ; elapsed = 00:00:06 . Memory (MB): peak = 9248.762 ; gain = 107.121 ; free physical = 104360 ; free virtual = 121420
open_hw_manager
connect_hw_server -allow_non_jtag
INFO: [Labtools 27-2285] Connecting to hw_server url TCP:localhost:3121
INFO: [Labtools 27-2222] Launching hw_server...
INFO: [Labtools 27-2221] Launch Output:

****** Xilinx hw_server v2022.2
  **** Build date : Oct 14 2022 at 05:10:28
    ** Copyright 1986-2022 Xilinx, Inc. All Rights Reserved.


INFO: [Labtools 27-3415] Connecting to cs_server url TCP:localhost:0
INFO: [Labtools 27-3417] Launching cs_server...
INFO: [Labtools 27-2221] Launch Output:


******** Xilinx cs_server v2022.2.0
  ****** Build date   : Oct 04 2022-18:25:37
    **** Build number : 2022.2.1664925937
      ** Copyright 2017-2024 Xilinx, Inc. All Rights Reserved.



open_hw_target
INFO: [Labtoolstcl 44-466] Opening hw_target localhost:3121/xilinx_tcf/Digilent/210308A464E4
current_hw_device [get_hw_devices xczu9_0]
refresh_hw_device -update_hw_probes false [lindex [get_hw_devices xczu9_0] 0]
INFO: [Labtools 27-1434] Device xczu9 (JTAG device index = 0) is programmed with a design that has no supported debug core(s) in it.
current_hw_device [get_hw_devices arm_dap_1]
refresh_hw_device -update_hw_probes false [lindex [get_hw_devices arm_dap_1] 0]
current_hw_device [get_hw_devices xczu9_0]
launch_runs impl_1 -to_step write_bitstream -jobs 32
INFO: [IP_Flow 19-6930] IPCACHE: runCacheChecks() number of threads = 8
INFO: [IP_Flow 19-6921] IPCACHE: Adding cache check func to thread queue for IP demo2_led_sim_auto_pc_0
INFO: [IP_Flow 19-6921] IPCACHE: Adding cache check func to thread queue for IP demo2_led_sim_axi_gpio_0_0
INFO: [IP_Flow 19-6921] IPCACHE: Adding cache check func to thread queue for IP demo2_led_sim_axi_gpio_1_0
INFO: [IP_Flow 19-6921] IPCACHE: Adding cache check func to thread queue for IP demo2_led_sim_axi_vip_0_0
INFO: [IP_Flow 19-6921] IPCACHE: Adding cache check func to thread queue for IP demo2_led_sim_clk_wiz_0
INFO: [IP_Flow 19-6921] IPCACHE: Adding cache check func to thread queue for IP demo2_led_sim_ila_0_0
INFO: [IP_Flow 19-6921] IPCACHE: Adding cache check func to thread queue for IP demo2_led_sim_rst_clk_wiz_100M_0
INFO: [IP_Flow 19-6921] IPCACHE: Adding cache check func to thread queue for IP demo2_led_sim_xbar_0
INFO: [IP_Flow 19-8020] IPCACHE: runCacheChecks() calling threadPool finishWork()
INFO: [IP_Flow 19-6924] IPCACHE: Running cache check for IP inst: demo2_led_sim_auto_pc_0
INFO: [IP_Flow 19-6924] IPCACHE: Running cache check for IP inst: demo2_led_sim_axi_gpio_0_0
INFO: [IP_Flow 19-6924] IPCACHE: Running cache check for IP inst: demo2_led_sim_axi_gpio_1_0
INFO: [IP_Flow 19-6924] IPCACHE: Running cache check for IP inst: demo2_led_sim_axi_vip_0_0
INFO: [IP_Flow 19-6924] IPCACHE: Running cache check for IP inst: demo2_led_sim_clk_wiz_0
INFO: [IP_Flow 19-6924] IPCACHE: Running cache check for IP inst: demo2_led_sim_ila_0_0
INFO: [IP_Flow 19-6924] IPCACHE: Running cache check for IP inst: demo2_led_sim_rst_clk_wiz_100M_0
INFO: [IP_Flow 19-6924] IPCACHE: Running cache check for IP inst: demo2_led_sim_xbar_0
WARNING: [Vivado 12-4802] The synthesis checkpoint for IP '/local/d1/mcp011/demo2_led/project_1/project_1.srcs/sources_1/bd/demo2_led_sim/ip/demo2_led_sim_axi_vip_0_0/demo2_led_sim_axi_vip_0_0.xci' is not generated and IP is locked. An out-of-context (OOC) run will be created and/or launched, but synthesis may not be able to complete or could result in incorrect behavior.
Please select 'Report IP Status' from the 'Tools/Report' menu or run Tcl command 'report_ip_status' for more information.
WARNING: [Vivado 12-4802] The synthesis checkpoint for IP '/local/d1/mcp011/demo2_led/project_1/project_1.srcs/sources_1/bd/demo2_led_sim/ip/demo2_led_sim_axi_gpio_0_0/demo2_led_sim_axi_gpio_0_0.xci' is not generated and IP is locked. An out-of-context (OOC) run will be created and/or launched, but synthesis may not be able to complete or could result in incorrect behavior.
Please select 'Report IP Status' from the 'Tools/Report' menu or run Tcl command 'report_ip_status' for more information.
WARNING: [Vivado 12-4802] The synthesis checkpoint for IP '/local/d1/mcp011/demo2_led/project_1/project_1.srcs/sources_1/bd/demo2_led_sim/ip/demo2_led_sim_axi_gpio_1_0/demo2_led_sim_axi_gpio_1_0.xci' is not generated and IP is locked. An out-of-context (OOC) run will be created and/or launched, but synthesis may not be able to complete or could result in incorrect behavior.
Please select 'Report IP Status' from the 'Tools/Report' menu or run Tcl command 'report_ip_status' for more information.
WARNING: [Vivado 12-4802] The synthesis checkpoint for IP '/local/d1/mcp011/demo2_led/project_1/project_1.srcs/sources_1/bd/demo2_led_sim/ip/demo2_led_sim_xbar_0/demo2_led_sim_xbar_0.xci' is not generated and IP is locked. An out-of-context (OOC) run will be created and/or launched, but synthesis may not be able to complete or could result in incorrect behavior.
Please select 'Report IP Status' from the 'Tools/Report' menu or run Tcl command 'report_ip_status' for more information.
WARNING: [Vivado 12-4802] The synthesis checkpoint for IP '/local/d1/mcp011/demo2_led/project_1/project_1.srcs/sources_1/bd/demo2_led_sim/ip/demo2_led_sim_auto_pc_0/demo2_led_sim_auto_pc_0.xci' is not generated and IP is locked. An out-of-context (OOC) run will be created and/or launched, but synthesis may not be able to complete or could result in incorrect behavior.
Please select 'Report IP Status' from the 'Tools/Report' menu or run Tcl command 'report_ip_status' for more information.
WARNING: [Vivado 12-4802] The synthesis checkpoint for IP '/local/d1/mcp011/demo2_led/project_1/project_1.srcs/sources_1/bd/demo2_led_sim/ip/demo2_led_sim_clk_wiz_0/demo2_led_sim_clk_wiz_0.xci' is not generated and IP is locked. An out-of-context (OOC) run will be created and/or launched, but synthesis may not be able to complete or could result in incorrect behavior.
Please select 'Report IP Status' from the 'Tools/Report' menu or run Tcl command 'report_ip_status' for more information.
WARNING: [Vivado 12-4802] The synthesis checkpoint for IP '/local/d1/mcp011/demo2_led/project_1/project_1.srcs/sources_1/bd/demo2_led_sim/ip/demo2_led_sim_rst_clk_wiz_100M_0/demo2_led_sim_rst_clk_wiz_100M_0.xci' is not generated and IP is locked. An out-of-context (OOC) run will be created and/or launched, but synthesis may not be able to complete or could result in incorrect behavior.
Please select 'Report IP Status' from the 'Tools/Report' menu or run Tcl command 'report_ip_status' for more information.
WARNING: [Vivado 12-4802] The synthesis checkpoint for IP '/local/d1/mcp011/demo2_led/project_1/project_1.srcs/sources_1/bd/demo2_led_sim/ip/demo2_led_sim_ila_0_0/demo2_led_sim_ila_0_0.xci' is not generated and IP is locked. An out-of-context (OOC) run will be created and/or launched, but synthesis may not be able to complete or could result in incorrect behavior.
Please select 'Report IP Status' from the 'Tools/Report' menu or run Tcl command 'report_ip_status' for more information.
WARNING: [Project 1-576] IP '/local/d1/mcp011/demo2_led/project_1/project_1.srcs/sources_1/bd/demo2_led_sim/ip/demo2_led_sim_axi_gpio_0_0/demo2_led_sim_axi_gpio_0_0.xci' in run demo2_led_sim_axi_gpio_0_0_synth_1 is locked, no out-of-context (OOC) run will be launched. The run may not be able to complete.
Please select 'Report IP Status' from 'Tools/Report' or run the Tcl command 'report_ip_status' for more information.
WARNING: [Project 1-576] IP '/local/d1/mcp011/demo2_led/project_1/project_1.srcs/sources_1/bd/demo2_led_sim/ip/demo2_led_sim_axi_gpio_1_0/demo2_led_sim_axi_gpio_1_0.xci' in run demo2_led_sim_axi_gpio_1_0_synth_1 is locked, no out-of-context (OOC) run will be launched. The run may not be able to complete.
Please select 'Report IP Status' from 'Tools/Report' or run the Tcl command 'report_ip_status' for more information.
WARNING: [Project 1-576] IP '/local/d1/mcp011/demo2_led/project_1/project_1.srcs/sources_1/bd/demo2_led_sim/ip/demo2_led_sim_xbar_0/demo2_led_sim_xbar_0.xci' in run demo2_led_sim_xbar_0_synth_1 is locked, no out-of-context (OOC) run will be launched. The run may not be able to complete.
Please select 'Report IP Status' from 'Tools/Report' or run the Tcl command 'report_ip_status' for more information.
WARNING: [Project 1-576] IP '/local/d1/mcp011/demo2_led/project_1/project_1.srcs/sources_1/bd/demo2_led_sim/ip/demo2_led_sim_auto_pc_0/demo2_led_sim_auto_pc_0.xci' in run demo2_led_sim_auto_pc_0_synth_1 is locked, no out-of-context (OOC) run will be launched. The run may not be able to complete.
Please select 'Report IP Status' from 'Tools/Report' or run the Tcl command 'report_ip_status' for more information.
WARNING: [Project 1-576] IP '/local/d1/mcp011/demo2_led/project_1/project_1.srcs/sources_1/bd/demo2_led_sim/ip/demo2_led_sim_clk_wiz_0/demo2_led_sim_clk_wiz_0.xci' in run demo2_led_sim_clk_wiz_0_synth_1 is locked, no out-of-context (OOC) run will be launched. The run may not be able to complete.
Please select 'Report IP Status' from 'Tools/Report' or run the Tcl command 'report_ip_status' for more information.
WARNING: [Project 1-576] IP '/local/d1/mcp011/demo2_led/project_1/project_1.srcs/sources_1/bd/demo2_led_sim/ip/demo2_led_sim_axi_vip_0_0/demo2_led_sim_axi_vip_0_0.xci' in run demo2_led_sim_axi_vip_0_0_synth_1 is locked, no out-of-context (OOC) run will be launched. The run may not be able to complete.
Please select 'Report IP Status' from 'Tools/Report' or run the Tcl command 'report_ip_status' for more information.
WARNING: [Runs 36-337] The following IPs are either missing output products or output products are not up-to-date for Synthesis target. Since these IPs are locked, no update to the output products can be done. 
Please select 'Report IP Status' from the 'Tools/Report' menu or run Tcl command 'report_ip_status' for more information.
/local/d1/mcp011/demo2_led/project_1/project_1.srcs/sources_1/bd/demo2_led/demo2_led.bd
/local/d1/mcp011/demo2_led/project_1/project_1.srcs/sources_1/bd/demo2_led_sim/demo2_led_sim.bd

WARNING: [Runs 36-337] The following IPs are either missing output products or output products are not up-to-date for Implementation target. Since these IPs are locked, no update to the output products can be done. 
Please select 'Report IP Status' from the 'Tools/Report' menu or run Tcl command 'report_ip_status' for more information.
/local/d1/mcp011/demo2_led/project_1/project_1.srcs/sources_1/bd/demo2_led/demo2_led.bd
/local/d1/mcp011/demo2_led/project_1/project_1.srcs/sources_1/bd/demo2_led_sim/demo2_led_sim.bd

WARNING: [Project 1-576] IP '/local/d1/mcp011/demo2_led/project_1/project_1.srcs/sources_1/bd/demo2_led_sim/ip/demo2_led_sim_axi_gpio_0_0/demo2_led_sim_axi_gpio_0_0.xci' in run demo2_led_sim_axi_gpio_0_0_synth_1 is locked, no out-of-context (OOC) run will be launched. The run may not be able to complete.
Please select 'Report IP Status' from 'Tools/Report' or run the Tcl command 'report_ip_status' for more information.
WARNING: [Project 1-576] IP '/local/d1/mcp011/demo2_led/project_1/project_1.srcs/sources_1/bd/demo2_led_sim/ip/demo2_led_sim_axi_gpio_1_0/demo2_led_sim_axi_gpio_1_0.xci' in run demo2_led_sim_axi_gpio_1_0_synth_1 is locked, no out-of-context (OOC) run will be launched. The run may not be able to complete.
Please select 'Report IP Status' from 'Tools/Report' or run the Tcl command 'report_ip_status' for more information.
WARNING: [Project 1-576] IP '/local/d1/mcp011/demo2_led/project_1/project_1.srcs/sources_1/bd/demo2_led_sim/ip/demo2_led_sim_xbar_0/demo2_led_sim_xbar_0.xci' in run demo2_led_sim_xbar_0_synth_1 is locked, no out-of-context (OOC) run will be launched. The run may not be able to complete.
Please select 'Report IP Status' from 'Tools/Report' or run the Tcl command 'report_ip_status' for more information.
WARNING: [Project 1-576] IP '/local/d1/mcp011/demo2_led/project_1/project_1.srcs/sources_1/bd/demo2_led_sim/ip/demo2_led_sim_auto_pc_0/demo2_led_sim_auto_pc_0.xci' in run demo2_led_sim_auto_pc_0_synth_1 is locked, no out-of-context (OOC) run will be launched. The run may not be able to complete.
Please select 'Report IP Status' from 'Tools/Report' or run the Tcl command 'report_ip_status' for more information.
WARNING: [Project 1-576] IP '/local/d1/mcp011/demo2_led/project_1/project_1.srcs/sources_1/bd/demo2_led_sim/ip/demo2_led_sim_clk_wiz_0/demo2_led_sim_clk_wiz_0.xci' in run demo2_led_sim_clk_wiz_0_synth_1 is locked, no out-of-context (OOC) run will be launched. The run may not be able to complete.
Please select 'Report IP Status' from 'Tools/Report' or run the Tcl command 'report_ip_status' for more information.
WARNING: [Project 1-576] IP '/local/d1/mcp011/demo2_led/project_1/project_1.srcs/sources_1/bd/demo2_led_sim/ip/demo2_led_sim_axi_vip_0_0/demo2_led_sim_axi_vip_0_0.xci' in run demo2_led_sim_axi_vip_0_0_synth_1 is locked, no out-of-context (OOC) run will be launched. The run may not be able to complete.
Please select 'Report IP Status' from 'Tools/Report' or run the Tcl command 'report_ip_status' for more information.
[Thu Apr 18 14:35:58 2024] Launched demo2_led_sim_axi_gpio_0_0_synth_1, demo2_led_sim_rst_clk_wiz_100M_0_synth_1, demo2_led_sim_axi_gpio_1_0_synth_1, demo2_led_sim_xbar_0_synth_1, demo2_led_sim_auto_pc_0_synth_1, demo2_led_sim_clk_wiz_0_synth_1, demo2_led_sim_axi_vip_0_0_synth_1, demo2_led_sim_ila_0_0_synth_1, synth_1...
Run output will be captured here:
demo2_led_sim_axi_gpio_0_0_synth_1: /local/d1/mcp011/demo2_led/project_1/project_1.runs/demo2_led_sim_axi_gpio_0_0_synth_1/runme.log
demo2_led_sim_rst_clk_wiz_100M_0_synth_1: /local/d1/mcp011/demo2_led/project_1/project_1.runs/demo2_led_sim_rst_clk_wiz_100M_0_synth_1/runme.log
demo2_led_sim_axi_gpio_1_0_synth_1: /local/d1/mcp011/demo2_led/project_1/project_1.runs/demo2_led_sim_axi_gpio_1_0_synth_1/runme.log
demo2_led_sim_xbar_0_synth_1: /local/d1/mcp011/demo2_led/project_1/project_1.runs/demo2_led_sim_xbar_0_synth_1/runme.log
demo2_led_sim_auto_pc_0_synth_1: /local/d1/mcp011/demo2_led/project_1/project_1.runs/demo2_led_sim_auto_pc_0_synth_1/runme.log
demo2_led_sim_clk_wiz_0_synth_1: /local/d1/mcp011/demo2_led/project_1/project_1.runs/demo2_led_sim_clk_wiz_0_synth_1/runme.log
demo2_led_sim_axi_vip_0_0_synth_1: /local/d1/mcp011/demo2_led/project_1/project_1.runs/demo2_led_sim_axi_vip_0_0_synth_1/runme.log
demo2_led_sim_ila_0_0_synth_1: /local/d1/mcp011/demo2_led/project_1/project_1.runs/demo2_led_sim_ila_0_0_synth_1/runme.log
synth_1: /local/d1/mcp011/demo2_led/project_1/project_1.runs/synth_1/runme.log
[Thu Apr 18 14:35:58 2024] Launched impl_1...
Run output will be captured here: /local/d1/mcp011/demo2_led/project_1/project_1.runs/impl_1/runme.log
launch_runs: Time (s): cpu = 00:00:14 ; elapsed = 00:00:06 . Memory (MB): peak = 9583.480 ; gain = 139.617 ; free physical = 104526 ; free virtual = 121682
reset_run synth_1
launch_runs impl_1 -to_step write_bitstream -jobs 32
INFO: [IP_Flow 19-6930] IPCACHE: runCacheChecks() number of threads = 8
INFO: [IP_Flow 19-6921] IPCACHE: Adding cache check func to thread queue for IP demo2_led_sim_auto_pc_0
INFO: [IP_Flow 19-6921] IPCACHE: Adding cache check func to thread queue for IP demo2_led_sim_axi_gpio_0_0
INFO: [IP_Flow 19-6921] IPCACHE: Adding cache check func to thread queue for IP demo2_led_sim_axi_gpio_1_0
INFO: [IP_Flow 19-6921] IPCACHE: Adding cache check func to thread queue for IP demo2_led_sim_axi_vip_0_0
INFO: [IP_Flow 19-6921] IPCACHE: Adding cache check func to thread queue for IP demo2_led_sim_clk_wiz_0
INFO: [IP_Flow 19-6921] IPCACHE: Adding cache check func to thread queue for IP demo2_led_sim_ila_0_0
INFO: [IP_Flow 19-6921] IPCACHE: Adding cache check func to thread queue for IP demo2_led_sim_rst_clk_wiz_100M_0
INFO: [IP_Flow 19-6921] IPCACHE: Adding cache check func to thread queue for IP demo2_led_sim_xbar_0
INFO: [IP_Flow 19-8020] IPCACHE: runCacheChecks() calling threadPool finishWork()
INFO: [IP_Flow 19-6924] IPCACHE: Running cache check for IP inst: demo2_led_sim_auto_pc_0
INFO: [IP_Flow 19-6924] IPCACHE: Running cache check for IP inst: demo2_led_sim_axi_gpio_0_0
INFO: [IP_Flow 19-6924] IPCACHE: Running cache check for IP inst: demo2_led_sim_axi_gpio_1_0
INFO: [IP_Flow 19-6924] IPCACHE: Running cache check for IP inst: demo2_led_sim_axi_vip_0_0
INFO: [IP_Flow 19-6924] IPCACHE: Running cache check for IP inst: demo2_led_sim_clk_wiz_0
INFO: [IP_Flow 19-6924] IPCACHE: Running cache check for IP inst: demo2_led_sim_ila_0_0
INFO: [IP_Flow 19-6924] IPCACHE: Running cache check for IP inst: demo2_led_sim_rst_clk_wiz_100M_0
INFO: [IP_Flow 19-6924] IPCACHE: Running cache check for IP inst: demo2_led_sim_xbar_0
WARNING: [Vivado 12-4802] The synthesis checkpoint for IP '/local/d1/mcp011/demo2_led/project_1/project_1.srcs/sources_1/bd/demo2_led_sim/ip/demo2_led_sim_axi_vip_0_0/demo2_led_sim_axi_vip_0_0.xci' is not generated and IP is locked. An out-of-context (OOC) run will be created and/or launched, but synthesis may not be able to complete or could result in incorrect behavior.
Please select 'Report IP Status' from the 'Tools/Report' menu or run Tcl command 'report_ip_status' for more information.
WARNING: [Vivado 12-4802] The synthesis checkpoint for IP '/local/d1/mcp011/demo2_led/project_1/project_1.srcs/sources_1/bd/demo2_led_sim/ip/demo2_led_sim_axi_gpio_0_0/demo2_led_sim_axi_gpio_0_0.xci' is not generated and IP is locked. An out-of-context (OOC) run will be created and/or launched, but synthesis may not be able to complete or could result in incorrect behavior.
Please select 'Report IP Status' from the 'Tools/Report' menu or run Tcl command 'report_ip_status' for more information.
WARNING: [Vivado 12-4802] The synthesis checkpoint for IP '/local/d1/mcp011/demo2_led/project_1/project_1.srcs/sources_1/bd/demo2_led_sim/ip/demo2_led_sim_axi_gpio_1_0/demo2_led_sim_axi_gpio_1_0.xci' is not generated and IP is locked. An out-of-context (OOC) run will be created and/or launched, but synthesis may not be able to complete or could result in incorrect behavior.
Please select 'Report IP Status' from the 'Tools/Report' menu or run Tcl command 'report_ip_status' for more information.
WARNING: [Vivado 12-4802] The synthesis checkpoint for IP '/local/d1/mcp011/demo2_led/project_1/project_1.srcs/sources_1/bd/demo2_led_sim/ip/demo2_led_sim_xbar_0/demo2_led_sim_xbar_0.xci' is not generated and IP is locked. An out-of-context (OOC) run will be created and/or launched, but synthesis may not be able to complete or could result in incorrect behavior.
Please select 'Report IP Status' from the 'Tools/Report' menu or run Tcl command 'report_ip_status' for more information.
WARNING: [Vivado 12-4802] The synthesis checkpoint for IP '/local/d1/mcp011/demo2_led/project_1/project_1.srcs/sources_1/bd/demo2_led_sim/ip/demo2_led_sim_auto_pc_0/demo2_led_sim_auto_pc_0.xci' is not generated and IP is locked. An out-of-context (OOC) run will be created and/or launched, but synthesis may not be able to complete or could result in incorrect behavior.
Please select 'Report IP Status' from the 'Tools/Report' menu or run Tcl command 'report_ip_status' for more information.
WARNING: [Vivado 12-4802] The synthesis checkpoint for IP '/local/d1/mcp011/demo2_led/project_1/project_1.srcs/sources_1/bd/demo2_led_sim/ip/demo2_led_sim_clk_wiz_0/demo2_led_sim_clk_wiz_0.xci' is not generated and IP is locked. An out-of-context (OOC) run will be created and/or launched, but synthesis may not be able to complete or could result in incorrect behavior.
Please select 'Report IP Status' from the 'Tools/Report' menu or run Tcl command 'report_ip_status' for more information.
WARNING: [Vivado 12-4802] The synthesis checkpoint for IP '/local/d1/mcp011/demo2_led/project_1/project_1.srcs/sources_1/bd/demo2_led_sim/ip/demo2_led_sim_rst_clk_wiz_100M_0/demo2_led_sim_rst_clk_wiz_100M_0.xci' is not generated and IP is locked. An out-of-context (OOC) run will be created and/or launched, but synthesis may not be able to complete or could result in incorrect behavior.
Please select 'Report IP Status' from the 'Tools/Report' menu or run Tcl command 'report_ip_status' for more information.
WARNING: [Vivado 12-4802] The synthesis checkpoint for IP '/local/d1/mcp011/demo2_led/project_1/project_1.srcs/sources_1/bd/demo2_led_sim/ip/demo2_led_sim_ila_0_0/demo2_led_sim_ila_0_0.xci' is not generated and IP is locked. An out-of-context (OOC) run will be created and/or launched, but synthesis may not be able to complete or could result in incorrect behavior.
Please select 'Report IP Status' from the 'Tools/Report' menu or run Tcl command 'report_ip_status' for more information.
WARNING: [Project 1-576] IP '/local/d1/mcp011/demo2_led/project_1/project_1.srcs/sources_1/bd/demo2_led_sim/ip/demo2_led_sim_axi_gpio_0_0/demo2_led_sim_axi_gpio_0_0.xci' in run demo2_led_sim_axi_gpio_0_0_synth_1 is locked, no out-of-context (OOC) run will be launched. The run may not be able to complete.
Please select 'Report IP Status' from 'Tools/Report' or run the Tcl command 'report_ip_status' for more information.
WARNING: [Project 1-576] IP '/local/d1/mcp011/demo2_led/project_1/project_1.srcs/sources_1/bd/demo2_led_sim/ip/demo2_led_sim_axi_gpio_1_0/demo2_led_sim_axi_gpio_1_0.xci' in run demo2_led_sim_axi_gpio_1_0_synth_1 is locked, no out-of-context (OOC) run will be launched. The run may not be able to complete.
Please select 'Report IP Status' from 'Tools/Report' or run the Tcl command 'report_ip_status' for more information.
WARNING: [Project 1-576] IP '/local/d1/mcp011/demo2_led/project_1/project_1.srcs/sources_1/bd/demo2_led_sim/ip/demo2_led_sim_xbar_0/demo2_led_sim_xbar_0.xci' in run demo2_led_sim_xbar_0_synth_1 is locked, no out-of-context (OOC) run will be launched. The run may not be able to complete.
Please select 'Report IP Status' from 'Tools/Report' or run the Tcl command 'report_ip_status' for more information.
WARNING: [Project 1-576] IP '/local/d1/mcp011/demo2_led/project_1/project_1.srcs/sources_1/bd/demo2_led_sim/ip/demo2_led_sim_auto_pc_0/demo2_led_sim_auto_pc_0.xci' in run demo2_led_sim_auto_pc_0_synth_1 is locked, no out-of-context (OOC) run will be launched. The run may not be able to complete.
Please select 'Report IP Status' from 'Tools/Report' or run the Tcl command 'report_ip_status' for more information.
WARNING: [Project 1-576] IP '/local/d1/mcp011/demo2_led/project_1/project_1.srcs/sources_1/bd/demo2_led_sim/ip/demo2_led_sim_clk_wiz_0/demo2_led_sim_clk_wiz_0.xci' in run demo2_led_sim_clk_wiz_0_synth_1 is locked, no out-of-context (OOC) run will be launched. The run may not be able to complete.
Please select 'Report IP Status' from 'Tools/Report' or run the Tcl command 'report_ip_status' for more information.
WARNING: [Project 1-576] IP '/local/d1/mcp011/demo2_led/project_1/project_1.srcs/sources_1/bd/demo2_led_sim/ip/demo2_led_sim_axi_vip_0_0/demo2_led_sim_axi_vip_0_0.xci' in run demo2_led_sim_axi_vip_0_0_synth_1 is locked, no out-of-context (OOC) run will be launched. The run may not be able to complete.
Please select 'Report IP Status' from 'Tools/Report' or run the Tcl command 'report_ip_status' for more information.
WARNING: [Runs 36-337] The following IPs are either missing output products or output products are not up-to-date for Synthesis target. Since these IPs are locked, no update to the output products can be done. 
Please select 'Report IP Status' from the 'Tools/Report' menu or run Tcl command 'report_ip_status' for more information.
/local/d1/mcp011/demo2_led/project_1/project_1.srcs/sources_1/bd/demo2_led/demo2_led.bd
/local/d1/mcp011/demo2_led/project_1/project_1.srcs/sources_1/bd/demo2_led_sim/demo2_led_sim.bd

WARNING: [Runs 36-337] The following IPs are either missing output products or output products are not up-to-date for Implementation target. Since these IPs are locked, no update to the output products can be done. 
Please select 'Report IP Status' from the 'Tools/Report' menu or run Tcl command 'report_ip_status' for more information.
/local/d1/mcp011/demo2_led/project_1/project_1.srcs/sources_1/bd/demo2_led/demo2_led.bd
/local/d1/mcp011/demo2_led/project_1/project_1.srcs/sources_1/bd/demo2_led_sim/demo2_led_sim.bd

WARNING: [Project 1-576] IP '/local/d1/mcp011/demo2_led/project_1/project_1.srcs/sources_1/bd/demo2_led_sim/ip/demo2_led_sim_axi_gpio_0_0/demo2_led_sim_axi_gpio_0_0.xci' in run demo2_led_sim_axi_gpio_0_0_synth_1 is locked, no out-of-context (OOC) run will be launched. The run may not be able to complete.
Please select 'Report IP Status' from 'Tools/Report' or run the Tcl command 'report_ip_status' for more information.
WARNING: [Project 1-576] IP '/local/d1/mcp011/demo2_led/project_1/project_1.srcs/sources_1/bd/demo2_led_sim/ip/demo2_led_sim_axi_gpio_1_0/demo2_led_sim_axi_gpio_1_0.xci' in run demo2_led_sim_axi_gpio_1_0_synth_1 is locked, no out-of-context (OOC) run will be launched. The run may not be able to complete.
Please select 'Report IP Status' from 'Tools/Report' or run the Tcl command 'report_ip_status' for more information.
WARNING: [Project 1-576] IP '/local/d1/mcp011/demo2_led/project_1/project_1.srcs/sources_1/bd/demo2_led_sim/ip/demo2_led_sim_xbar_0/demo2_led_sim_xbar_0.xci' in run demo2_led_sim_xbar_0_synth_1 is locked, no out-of-context (OOC) run will be launched. The run may not be able to complete.
Please select 'Report IP Status' from 'Tools/Report' or run the Tcl command 'report_ip_status' for more information.
WARNING: [Project 1-576] IP '/local/d1/mcp011/demo2_led/project_1/project_1.srcs/sources_1/bd/demo2_led_sim/ip/demo2_led_sim_auto_pc_0/demo2_led_sim_auto_pc_0.xci' in run demo2_led_sim_auto_pc_0_synth_1 is locked, no out-of-context (OOC) run will be launched. The run may not be able to complete.
Please select 'Report IP Status' from 'Tools/Report' or run the Tcl command 'report_ip_status' for more information.
WARNING: [Project 1-576] IP '/local/d1/mcp011/demo2_led/project_1/project_1.srcs/sources_1/bd/demo2_led_sim/ip/demo2_led_sim_clk_wiz_0/demo2_led_sim_clk_wiz_0.xci' in run demo2_led_sim_clk_wiz_0_synth_1 is locked, no out-of-context (OOC) run will be launched. The run may not be able to complete.
Please select 'Report IP Status' from 'Tools/Report' or run the Tcl command 'report_ip_status' for more information.
WARNING: [Project 1-576] IP '/local/d1/mcp011/demo2_led/project_1/project_1.srcs/sources_1/bd/demo2_led_sim/ip/demo2_led_sim_axi_vip_0_0/demo2_led_sim_axi_vip_0_0.xci' in run demo2_led_sim_axi_vip_0_0_synth_1 is locked, no out-of-context (OOC) run will be launched. The run may not be able to complete.
Please select 'Report IP Status' from 'Tools/Report' or run the Tcl command 'report_ip_status' for more information.
[Thu Apr 18 14:36:30 2024] Launched demo2_led_sim_axi_gpio_0_0_synth_1, demo2_led_sim_rst_clk_wiz_100M_0_synth_1, demo2_led_sim_axi_gpio_1_0_synth_1, demo2_led_sim_xbar_0_synth_1, demo2_led_sim_auto_pc_0_synth_1, demo2_led_sim_clk_wiz_0_synth_1, demo2_led_sim_axi_vip_0_0_synth_1, demo2_led_sim_ila_0_0_synth_1, synth_1...
Run output will be captured here:
demo2_led_sim_axi_gpio_0_0_synth_1: /local/d1/mcp011/demo2_led/project_1/project_1.runs/demo2_led_sim_axi_gpio_0_0_synth_1/runme.log
demo2_led_sim_rst_clk_wiz_100M_0_synth_1: /local/d1/mcp011/demo2_led/project_1/project_1.runs/demo2_led_sim_rst_clk_wiz_100M_0_synth_1/runme.log
demo2_led_sim_axi_gpio_1_0_synth_1: /local/d1/mcp011/demo2_led/project_1/project_1.runs/demo2_led_sim_axi_gpio_1_0_synth_1/runme.log
demo2_led_sim_xbar_0_synth_1: /local/d1/mcp011/demo2_led/project_1/project_1.runs/demo2_led_sim_xbar_0_synth_1/runme.log
demo2_led_sim_auto_pc_0_synth_1: /local/d1/mcp011/demo2_led/project_1/project_1.runs/demo2_led_sim_auto_pc_0_synth_1/runme.log
demo2_led_sim_clk_wiz_0_synth_1: /local/d1/mcp011/demo2_led/project_1/project_1.runs/demo2_led_sim_clk_wiz_0_synth_1/runme.log
demo2_led_sim_axi_vip_0_0_synth_1: /local/d1/mcp011/demo2_led/project_1/project_1.runs/demo2_led_sim_axi_vip_0_0_synth_1/runme.log
demo2_led_sim_ila_0_0_synth_1: /local/d1/mcp011/demo2_led/project_1/project_1.runs/demo2_led_sim_ila_0_0_synth_1/runme.log
synth_1: /local/d1/mcp011/demo2_led/project_1/project_1.runs/synth_1/runme.log
[Thu Apr 18 14:36:30 2024] Launched impl_1...
Run output will be captured here: /local/d1/mcp011/demo2_led/project_1/project_1.runs/impl_1/runme.log
launch_runs: Time (s): cpu = 00:00:02 ; elapsed = 00:00:08 . Memory (MB): peak = 9583.480 ; gain = 0.000 ; free physical = 104011 ; free virtual = 121311
set_property PROBES.FILE {/local/d1/mcp011/demo2_led/demo2_led.runs/impl_1/demo2_led_wrapper.ltx} [get_hw_devices xczu9_0]
set_property FULL_PROBES.FILE {/local/d1/mcp011/demo2_led/demo2_led.runs/impl_1/demo2_led_wrapper.ltx} [get_hw_devices xczu9_0]
set_property PROGRAM.FILE {/local/d1/mcp011/demo2_led/demo2_led.runs/impl_1/demo2_led_wrapper.bit} [get_hw_devices xczu9_0]
program_hw_devices [get_hw_devices xczu9_0]
INFO: [Labtools 27-3164] End of startup status: HIGH
program_hw_devices: Time (s): cpu = 00:00:15 ; elapsed = 00:00:15 . Memory (MB): peak = 9583.480 ; gain = 0.000 ; free physical = 101677 ; free virtual = 120588
refresh_hw_device [lindex [get_hw_devices xczu9_0] 0]
INFO: [Labtools 27-2302] Device xczu9 (JTAG device index = 0) is programmed with a design that has 2 ILA core(s).
INFO: [Labtools 27-2302] Device xczu9 (JTAG device index = 0) is programmed with a design that has 1 JTAG AXI core(s).
display_hw_ila_data [ get_hw_ila_data hw_ila_data_1 -of_objects [get_hw_ilas -of_objects [get_hw_devices xczu9_0] -filter {CELL_NAME=~"demo2_led_i/ila_0"}]]
display_hw_ila_data [ get_hw_ila_data hw_ila_data_2 -of_objects [get_hw_ilas -of_objects [get_hw_devices xczu9_0] -filter {CELL_NAME=~"demo2_led_i/system_ila_0/inst/ila_lib"}]]
Processing Interface ps8_0_axi_periph_M00_AXI_ila2_slot0
save_wave_config {/local/d1/mcp011/demo2_led/project_1/project_1.hw/hw_1/wave/hw_ila_data_1/hw_ila_data_1.wcfg}
save_wave_config {/local/d1/mcp011/demo2_led/project_1/project_1.hw/hw_1/wave/hw_ila_data_2/hw_ila_data_2.wcfg}
exit
INFO: [Common 17-206] Exiting Vivado at Thu Apr 18 16:09:29 2024...
