#-----------------------------------------------------------
# Vivado v2022.2 (64-bit)
# SW Build 3671981 on Fri Oct 14 04:59:54 MDT 2022
# IP Build 3669848 on Fri Oct 14 08:30:02 MDT 2022
# Start of session at: Thu Apr 18 14:26:58 2024
# Process ID: 1970246
# Current directory: /local/d1/mcp011/demo2_led
# Command line: vivado
# Log file: /local/d1/mcp011/demo2_led/vivado.log
# Journal file: /local/d1/mcp011/demo2_led/vivado.jou
# Running On: kdplab01, OS: Linux, CPU Frequency: 3400.000 MHz, CPU Physical cores: 32, Host memory: 134204 MB
#-----------------------------------------------------------
start_gui
WARNING: [Board 49-26] cannot add Board Part xilinx.com:vek280_es:part0:1.0 available at /local/code/Xilinx/Vivado/2022.2/data/xhub/boards/XilinxBoardStore/boards/Xilinx/vek280/es/1.0/board.xml as part xcve2802-vsvh1760-2lp-e-s-es1 specified in board_part file is either invalid or not available
WARNING: [Board 49-26] cannot add Board Part xilinx.com:vhk158_es:part0:1.0 available at /local/code/Xilinx/Vivado/2022.2/data/xhub/boards/XilinxBoardStore/boards/Xilinx/vhk158/es/1.0/board.xml as part xcvh1582-vsva3697-2mp-e-s-es1 specified in board_part file is either invalid or not available
WARNING: [Board 49-26] cannot add Board Part xilinx.com:vpk120_es:part0:1.2 available at /local/code/Xilinx/Vivado/2022.2/data/xhub/boards/XilinxBoardStore/boards/Xilinx/vpk120/es/1.2/board.xml as part xcvp1202-vsva2785-2mp-e-s-es1 specified in board_part file is either invalid or not available
WARNING: [Board 49-26] cannot add Board Part xilinx.com:vpk120_es_revb:part0:1.0 available at /local/code/Xilinx/Vivado/2022.2/data/xhub/boards/XilinxBoardStore/boards/Xilinx/vpk120_revb/es/1.0/board.xml as part xcvp1202-vsva2785-2mp-e-s-es1 specified in board_part file is either invalid or not available
WARNING: [Board 49-26] cannot add Board Part xilinx.com:vpk180_es:part0:1.0 available at /local/code/Xilinx/Vivado/2022.2/data/xhub/boards/XilinxBoardStore/boards/Xilinx/vpk180/es/1.0/board.xml as part xcvp1802-lsvc4072-2mp-e-s-es1 specified in board_part file is either invalid or not available
WARNING: [Board 49-26] cannot add Board Part xilinx.com:zcu208ld:part0:2.0 available at /local/code/Xilinx/Vivado/2022.2/data/xhub/boards/XilinxBoardStore/boards/Xilinx/zcu208ld/production/2.0/board.xml as part xczu58dr-fsvg1517-2-i specified in board_part file is either invalid or not available
WARNING: [Board 49-26] cannot add Board Part xilinx.com:zcu216ld:part0:2.0 available at /local/code/Xilinx/Vivado/2022.2/data/xhub/boards/XilinxBoardStore/boards/Xilinx/zcu216ld/production/2.0/board.xml as part xczu59dr-ffvf1760-2-i specified in board_part file is either invalid or not available
WARNING: [Board 49-26] cannot add Board Part xilinx.com:zcu670:part0:2.0 available at /local/code/Xilinx/Vivado/2022.2/data/xhub/boards/XilinxBoardStore/boards/Xilinx/zcu670/2.0/board.xml as part xczu67dr-fsve1156-2-i specified in board_part file is either invalid or not available
WARNING: [Board 49-26] cannot add Board Part xilinx.com:zcu670ld:part0:1.0 available at /local/code/Xilinx/Vivado/2022.2/data/xhub/boards/XilinxBoardStore/boards/Xilinx/zcu670ld/1.0/board.xml as part xczu57dr-fsve1156-2-i specified in board_part file is either invalid or not available
open_project /local/d1/mcp011/vivado/design_example_1/design_example_1.xpr
INFO: [filemgmt 56-3] Default IP Output Path : Could not find the directory '/local/d1/mcp011/vivado/design_example_1/design_example_1.gen/sources_1'.
Scanning sources...
Finished scanning sources
INFO: [IP_Flow 19-234] Refreshing IP repositories
INFO: [IP_Flow 19-1704] No user IP repositories specified
INFO: [IP_Flow 19-2313] Loaded Vivado IP repository '/code/Xilinx/Vivado/2022.2/data/ip'.
close_project
open_project -read_only /local/d1/mcp011/demo2_led/demo2_led.xpr
INFO: [Project 1-313] Project file moved from '/asic/projects/S/SParkDream/aquinn/demo2_led' since last save.
CRITICAL WARNING: [Project 1-311] Could not find the file '/local/d1/mcp011/demo1_ps_only/demo1_ps_only.srcs/utils_1/imports/synth_1/demo2_led_wrapper.dcp', nor could it be found using path '/asic/projects/S/SParkDream/aquinn/demo1_ps_only/demo1_ps_only.srcs/utils_1/imports/synth_1/demo2_led_wrapper.dcp'.
WARNING: [Project 1-865] Could not find the file /local/d1/mcp011/demo1_ps_only/demo1_ps_only.srcs/utils_1/imports/synth_1/demo2_led_wrapper.dcp
Scanning sources...
Finished scanning sources
WARNING: [Project 1-865] Could not find the file /local/d1/mcp011/demo1_ps_only/demo1_ps_only.srcs/utils_1/imports/synth_1/demo2_led_wrapper.dcp
WARNING: [Project 1-865] Could not find the file /local/d1/mcp011/demo1_ps_only/demo1_ps_only.srcs/utils_1/imports/synth_1/demo2_led_wrapper.dcp
INFO: [IP_Flow 19-234] Refreshing IP repositories
INFO: [IP_Flow 19-1704] No user IP repositories specified
INFO: [IP_Flow 19-2313] Loaded Vivado IP repository '/code/Xilinx/Vivado/2022.2/data/ip'.
WARNING: [BD 41-1663] The design 'demo2_led.bd' cannot be modified due to following reason(s):
* Project is read-only. Please run 'save_project_as' before making any change to the bd-design. 

WARNING: [BD 41-1661] One or more IPs have been locked in the design 'demo2_led.bd'. Please run report_ip_status for more details and recommendations on how to fix this issue.
List of locked IPs:
demo2_led_jtag_axi_0_0
demo2_led_axi_gpio_0_0
demo2_led_auto_pc_1
demo2_led_axi_timer_0_0
demo2_led_rst_ps8_0_99M_0
demo2_led_axi_gpio_0_1
demo2_led_ila_0_0
demo2_led_system_ila_0_0
demo2_led_zynq_ultra_ps_e_0_0
demo2_led_xbar_0
demo2_led_auto_pc_0
demo2_led_ps8_0_axi_periph_0

WARNING: [BD 41-1663] The design 'demo2_led_sim.bd' cannot be modified due to following reason(s):
* Project is read-only. Please run 'save_project_as' before making any change to the bd-design. 

WARNING: [BD 41-1661] One or more IPs have been locked in the design 'demo2_led_sim.bd'. Please run report_ip_status for more details and recommendations on how to fix this issue.
List of locked IPs:
demo2_led_sim_ila_0_0
demo2_led_sim_rst_clk_wiz_100M_0
demo2_led_sim_clk_wiz_0
demo2_led_sim_axi_vip_0_axi_periph_0
demo2_led_sim_auto_pc_0
demo2_led_sim_axi_vip_0_0
demo2_led_sim_axi_gpio_0_0
demo2_led_sim_axi_gpio_1_0
demo2_led_sim_xbar_0

WARNING: [BD 41-1663] The design 'demo1_ps_only.bd' cannot be modified due to following reason(s):
* Project is read-only. Please run 'save_project_as' before making any change to the bd-design. 

WARNING: [BD 41-1661] One or more IPs have been locked in the design 'demo1_ps_only.bd'. Please run report_ip_status for more details and recommendations on how to fix this issue.
List of locked IPs:
demo1_ps_only_zynq_ultra_ps_e_0_0

WARNING: [Project 1-229] Project 'demo2_led.xpr' is read-only and therefore could not be upgraded for this version of Vivado.  Use 'File | Save Project As...' if you wish to save an upgraded copy.
open_project: Time (s): cpu = 00:00:10 ; elapsed = 00:00:07 . Memory (MB): peak = 7372.559 ; gain = 58.082 ; free physical = 107034 ; free virtual = 123685
open_bd_design {/local/d1/mcp011/demo2_led/demo2_led.srcs/sources_1/bd/demo2_led/demo2_led.bd}
Reading block design file </local/d1/mcp011/demo2_led/demo2_led.srcs/sources_1/bd/demo2_led/demo2_led.bd>...
Adding component instance block -- xilinx.com:ip:zynq_ultra_ps_e:3.4 - zynq_ultra_ps_e_0
Adding component instance block -- xilinx.com:ip:axi_timer:2.0 - axi_timer_0
Adding component instance block -- xilinx.com:ip:axi_gpio:2.0 - axi_gpio_0
Adding component instance block -- xilinx.com:ip:axi_gpio:2.0 - axi_gpio_1
Adding component instance block -- xilinx.com:ip:axi_interconnect:2.1 - ps8_0_axi_periph
Adding component instance block -- xilinx.com:ip:axi_crossbar:2.1 - xbar
Adding component instance block -- xilinx.com:ip:axi_protocol_converter:2.1 - auto_pc
Adding component instance block -- xilinx.com:ip:axi_protocol_converter:2.1 - auto_pc
Adding component instance block -- xilinx.com:ip:proc_sys_reset:5.0 - rst_ps8_0_99M
Adding component instance block -- xilinx.com:ip:ila:6.2 - ila_0
Adding component instance block -- xilinx.com:ip:jtag_axi:1.2 - jtag_axi_0
Adding component instance block -- xilinx.com:ip:system_ila:1.1 - system_ila_0
Excluding slave segment /axi_gpio_0/S_AXI/Reg from address space /jtag_axi_0/Data.
Excluding slave segment /axi_gpio_1/S_AXI/Reg from address space /jtag_axi_0/Data.
Excluding slave segment /axi_timer_0/S_AXI/Reg from address space /jtag_axi_0/Data.
Successfully read diagram <demo2_led> from block design file </local/d1/mcp011/demo2_led/demo2_led.srcs/sources_1/bd/demo2_led/demo2_led.bd>
open_bd_design: Time (s): cpu = 00:00:05 ; elapsed = 00:00:07 . Memory (MB): peak = 7563.660 ; gain = 0.000 ; free physical = 107121 ; free virtual = 123850
save_project_as project_1 /local/d1/mcp011/demo2_led/project_1 -exclude_run_results -force
WARNING: [IP_Flow 19-2162] IP 'demo2_led_zynq_ultra_ps_e_0_0' is locked:
* IP definition 'Zynq UltraScale+ MPSoC (3.4)' for IP 'demo2_led_zynq_ultra_ps_e_0_0' (customized with software release 2022.1) has a different revision in the IP Catalog.
WARNING: [IP_Flow 19-2162] IP 'demo2_led_axi_timer_0_0' is locked:
* IP definition 'AXI Timer (2.0)' for IP 'demo2_led_axi_timer_0_0' (customized with software release 2022.1) has a different revision in the IP Catalog.
WARNING: [IP_Flow 19-2162] IP 'demo2_led_axi_gpio_0_0' is locked:
* IP definition 'AXI GPIO (2.0)' for IP 'demo2_led_axi_gpio_0_0' (customized with software release 2022.1) has a different revision in the IP Catalog.
WARNING: [IP_Flow 19-2162] IP 'demo2_led_axi_gpio_0_1' is locked:
* IP definition 'AXI GPIO (2.0)' for IP 'demo2_led_axi_gpio_0_1' (customized with software release 2022.1) has a different revision in the IP Catalog.
WARNING: [IP_Flow 19-2162] IP 'demo2_led_xbar_0' is locked:
* IP definition 'AXI Crossbar (2.1)' for IP 'demo2_led_xbar_0' (customized with software release 2022.1) has a different revision in the IP Catalog.
WARNING: [IP_Flow 19-2162] IP 'demo2_led_auto_pc_0' is locked:
* IP definition 'AXI Protocol Converter (2.1)' for IP 'demo2_led_auto_pc_0' (customized with software release 2022.1) has a different revision in the IP Catalog.
WARNING: [IP_Flow 19-2162] IP 'demo2_led_auto_pc_1' is locked:
* IP definition 'AXI Protocol Converter (2.1)' for IP 'demo2_led_auto_pc_1' (customized with software release 2022.1) has a different revision in the IP Catalog.
WARNING: [IP_Flow 19-2162] IP 'demo2_led_ps8_0_axi_periph_0' is locked:
* IP definition 'AXI Interconnect (2.1)' for IP 'demo2_led_ps8_0_axi_periph_0' (customized with software release 2022.1) has a different revision in the IP Catalog.
WARNING: [IP_Flow 19-2162] IP 'demo2_led_jtag_axi_0_0' is locked:
* IP definition 'JTAG to AXI Master (1.2)' for IP 'demo2_led_jtag_axi_0_0' (customized with software release 2022.1) has a different revision in the IP Catalog.
WARNING: [IP_Flow 19-2162] IP 'demo2_led_system_ila_0_0' is locked:
* IP definition 'System ILA (1.1)' for IP 'demo2_led_system_ila_0_0' (customized with software release 2022.1) has a different revision in the IP Catalog.
INFO: [xilinx.com:ip:ila:6.2-6] /ila_0: Xilinx recommends using the System ILA IP in IP Integrator. The System ILA IP is functionally equivalent to an ILA and offers additional benefits in debugging interfaces both within IP Integrator and the Hardware Manager. Consult the Programming and Debug User Guide UG908 for further details.
Wrote  : </local/d1/mcp011/demo2_led/project_1/project_1.srcs/sources_1/bd/demo2_led/ui/bd_e4bd16fb.ui> 
WARNING: [IP_Flow 19-2162] IP 'demo2_led_sim_axi_vip_0_0' is locked:
* IP definition 'AXI Verification IP (1.1)' for IP 'demo2_led_sim_axi_vip_0_0' (customized with software release 2022.1) has a different revision in the IP Catalog.
WARNING: [IP_Flow 19-2162] IP 'demo2_led_sim_axi_gpio_0_0' is locked:
* IP definition 'AXI GPIO (2.0)' for IP 'demo2_led_sim_axi_gpio_0_0' (customized with software release 2022.1) has a different revision in the IP Catalog.
WARNING: [IP_Flow 19-2162] IP 'demo2_led_sim_axi_gpio_1_0' is locked:
* IP definition 'AXI GPIO (2.0)' for IP 'demo2_led_sim_axi_gpio_1_0' (customized with software release 2022.1) has a different revision in the IP Catalog.
WARNING: [IP_Flow 19-2162] IP 'demo2_led_sim_xbar_0' is locked:
* IP definition 'AXI Crossbar (2.1)' for IP 'demo2_led_sim_xbar_0' (customized with software release 2022.1) has a different revision in the IP Catalog.
WARNING: [IP_Flow 19-2162] IP 'demo2_led_sim_auto_pc_0' is locked:
* IP definition 'AXI Protocol Converter (2.1)' for IP 'demo2_led_sim_auto_pc_0' (customized with software release 2022.1) has a different revision in the IP Catalog.
WARNING: [IP_Flow 19-2162] IP 'demo2_led_sim_axi_vip_0_axi_periph_0' is locked:
* IP definition 'AXI Interconnect (2.1)' for IP 'demo2_led_sim_axi_vip_0_axi_periph_0' (customized with software release 2022.1) has a different revision in the IP Catalog.
WARNING: [IP_Flow 19-2162] IP 'demo2_led_sim_clk_wiz_0' is locked:
* IP definition 'Clocking Wizard (6.0)' for IP 'demo2_led_sim_clk_wiz_0' (customized with software release 2022.1) has a different revision in the IP Catalog.
WARNING: [IP_Flow 19-2162] IP 'demo1_ps_only_zynq_ultra_ps_e_0_0' is locked:
* IP definition 'Zynq UltraScale+ MPSoC (3.4)' for IP 'demo1_ps_only_zynq_ultra_ps_e_0_0' (customized with software release 2022.1) has a different revision in the IP Catalog.
WARNING: [BD 41-1661] One or more IPs have been locked in the design 'demo2_led.bd'. Please run report_ip_status for more details and recommendations on how to fix this issue.
List of locked IPs:
demo2_led_system_ila_0_0
demo2_led_ps8_0_axi_periph_0
demo2_led_auto_pc_0
demo2_led_xbar_0
demo2_led_jtag_axi_0_0
demo2_led_zynq_ultra_ps_e_0_0
demo2_led_axi_gpio_0_1
demo2_led_axi_timer_0_0
demo2_led_auto_pc_1
demo2_led_axi_gpio_0_0

WARNING: [BD 41-1661] One or more IPs have been locked in the design 'demo2_led_sim.bd'. Please run report_ip_status for more details and recommendations on how to fix this issue.
List of locked IPs:
demo2_led_sim_clk_wiz_0
demo2_led_sim_axi_vip_0_axi_periph_0
demo2_led_sim_auto_pc_0
demo2_led_sim_axi_vip_0_0
demo2_led_sim_axi_gpio_0_0
demo2_led_sim_axi_gpio_1_0
demo2_led_sim_xbar_0

WARNING: [BD 41-1661] One or more IPs have been locked in the design 'demo1_ps_only.bd'. Please run report_ip_status for more details and recommendations on how to fix this issue.
List of locked IPs:
demo1_ps_only_zynq_ultra_ps_e_0_0

INFO: [Coretcl 2-133] re-setting run 'synth_1'...
INFO: [Project 1-1161] Replacing file /local/d1/mcp011/demo1_ps_only/demo1_ps_only.srcs/utils_1/imports/synth_1/demo2_led_wrapper.dcp with file /local/d1/mcp011/demo2_led/project_1/project_1.runs/synth_1/demo2_led_wrapper.dcp
INFO: [Coretcl 2-133] re-setting run 'impl_1'...
save_project_as: Time (s): cpu = 00:00:09 ; elapsed = 00:00:05 . Memory (MB): peak = 8897.746 ; gain = 18.777 ; free physical = 106732 ; free virtual = 123703
exit
INFO: [Common 17-206] Exiting Vivado at Thu Apr 18 14:31:50 2024...
