
*** Running vivado
    with args -log design_1_wrapper.vds -m64 -product Vivado -mode batch -messageDb vivado.pb -notrace -source design_1_wrapper.tcl


****** Vivado v2022.1 (64-bit)
  **** SW Build 3526262 on Mon Apr 18 15:47:01 MDT 2022
  **** IP Build 3524634 on Mon Apr 18 20:55:01 MDT 2022
    ** Copyright 1986-2022 Xilinx, Inc. All Rights Reserved.

source design_1_wrapper.tcl -notrace
create_project: Time (s): cpu = 00:00:06 ; elapsed = 00:00:07 . Memory (MB): peak = 2994.211 ; gain = 2.023 ; free physical = 2035 ; free virtual = 402061
INFO: [IP_Flow 19-234] Refreshing IP repositories
INFO: [IP_Flow 19-1704] No user IP repositories specified
INFO: [IP_Flow 19-2313] Loaded Vivado IP repository '/asic/cad/Xilinx/Vivado/2022.1/data/ip'.
add_files: Time (s): cpu = 00:00:09 ; elapsed = 00:00:11 . Memory (MB): peak = 3098.254 ; gain = 104.043 ; free physical = 1863 ; free virtual = 401990
Command: read_checkpoint -auto_incremental -incremental /asic/projects/C/CMS_PIX_28/nehak/spacely/spacely-caribou-common-blocks/configReg_interface/vivado/project_1/project_1.srcs/utils_1/imports/synth_1/design_1_wrapper.dcp
INFO: [Vivado 12-5825] Read reference checkpoint from /asic/projects/C/CMS_PIX_28/nehak/spacely/spacely-caribou-common-blocks/configReg_interface/vivado/project_1/project_1.srcs/utils_1/imports/synth_1/design_1_wrapper.dcp for incremental synthesis
INFO: [Vivado 12-7989] Please ensure there are no constraint changes
Command: synth_design -top design_1_wrapper -part xczu9eg-ffvb1156-2-e
Starting synth_design
Attempting to get a license for feature 'Synthesis' and/or device 'xczu9eg'
INFO: [Common 17-349] Got license for feature 'Synthesis' and/or device 'xczu9eg'
INFO: [Device 21-403] Loading part xczu9eg-ffvb1156-2-e
INFO: [Designutils 20-5440] No compile time benefit to using incremental synthesis; A full resynthesis will be run
INFO: [Designutils 20-4379] Flow is switching to default flow due to incremental criteria not met. If you would like to alter this behaviour and have the flow terminate instead, please set the following parameter config_implementation {autoIncr.Synth.RejectBehavior Terminate}
INFO: [Synth 8-7079] Multithreading enabled for synth_design using a maximum of 4 processes.
INFO: [Synth 8-7078] Launching helper process for spawning children vivado processes
INFO: [Synth 8-7075] Helper process launched with PID 36692
---------------------------------------------------------------------------------
Starting RTL Elaboration : Time (s): cpu = 00:00:05 ; elapsed = 00:00:07 . Memory (MB): peak = 3289.250 ; gain = 190.996 ; free physical = 1211 ; free virtual = 400177
---------------------------------------------------------------------------------
INFO: [Synth 8-6157] synthesizing module 'design_1_wrapper' [/asic/projects/C/CMS_PIX_28/nehak/spacely/spacely-caribou-common-blocks/configReg_interface/vivado/project_1/project_1.gen/sources_1/bd/design_1/hdl/design_1_wrapper.v:12]
INFO: [Synth 8-6157] synthesizing module 'design_1' [/asic/projects/C/CMS_PIX_28/nehak/spacely/spacely-caribou-common-blocks/configReg_interface/vivado/project_1/project_1.gen/sources_1/bd/design_1/synth/design_1.v:12]
INFO: [Synth 8-6157] synthesizing module 'design_1_axi_interconnect_0_0' [/asic/projects/C/CMS_PIX_28/nehak/spacely/spacely-caribou-common-blocks/configReg_interface/vivado/project_1/project_1.gen/sources_1/bd/design_1/synth/design_1.v:243]
INFO: [Synth 8-6157] synthesizing module 's00_couplers_imp_O7FAN0' [/asic/projects/C/CMS_PIX_28/nehak/spacely/spacely-caribou-common-blocks/configReg_interface/vivado/project_1/project_1.gen/sources_1/bd/design_1/synth/design_1.v:553]
INFO: [Synth 8-6157] synthesizing module 'design_1_auto_ds_0' [/asic/projects/C/CMS_PIX_28/nehak/spacely/spacely-caribou-common-blocks/configReg_interface/vivado/project_1/project_1.runs/synth_1/.Xil/Vivado-35187-fasic-beast1.fnal.gov/realtime/design_1_auto_ds_0_stub.v:5]
INFO: [Synth 8-6155] done synthesizing module 'design_1_auto_ds_0' (0#1) [/asic/projects/C/CMS_PIX_28/nehak/spacely/spacely-caribou-common-blocks/configReg_interface/vivado/project_1/project_1.runs/synth_1/.Xil/Vivado-35187-fasic-beast1.fnal.gov/realtime/design_1_auto_ds_0_stub.v:5]
INFO: [Synth 8-6157] synthesizing module 'design_1_auto_pc_0' [/asic/projects/C/CMS_PIX_28/nehak/spacely/spacely-caribou-common-blocks/configReg_interface/vivado/project_1/project_1.runs/synth_1/.Xil/Vivado-35187-fasic-beast1.fnal.gov/realtime/design_1_auto_pc_0_stub.v:5]
INFO: [Synth 8-6155] done synthesizing module 'design_1_auto_pc_0' (0#1) [/asic/projects/C/CMS_PIX_28/nehak/spacely/spacely-caribou-common-blocks/configReg_interface/vivado/project_1/project_1.runs/synth_1/.Xil/Vivado-35187-fasic-beast1.fnal.gov/realtime/design_1_auto_pc_0_stub.v:5]
INFO: [Synth 8-6155] done synthesizing module 's00_couplers_imp_O7FAN0' (0#1) [/asic/projects/C/CMS_PIX_28/nehak/spacely/spacely-caribou-common-blocks/configReg_interface/vivado/project_1/project_1.gen/sources_1/bd/design_1/synth/design_1.v:553]
INFO: [Synth 8-6155] done synthesizing module 'design_1_axi_interconnect_0_0' (0#1) [/asic/projects/C/CMS_PIX_28/nehak/spacely/spacely-caribou-common-blocks/configReg_interface/vivado/project_1/project_1.gen/sources_1/bd/design_1/synth/design_1.v:243]
INFO: [Synth 8-6157] synthesizing module 'design_1_configReg_interface_0_0' [/asic/projects/C/CMS_PIX_28/nehak/spacely/spacely-caribou-common-blocks/configReg_interface/vivado/project_1/project_1.runs/synth_1/.Xil/Vivado-35187-fasic-beast1.fnal.gov/realtime/design_1_configReg_interface_0_0_stub.v:5]
INFO: [Synth 8-6155] done synthesizing module 'design_1_configReg_interface_0_0' (0#1) [/asic/projects/C/CMS_PIX_28/nehak/spacely/spacely-caribou-common-blocks/configReg_interface/vivado/project_1/project_1.runs/synth_1/.Xil/Vivado-35187-fasic-beast1.fnal.gov/realtime/design_1_configReg_interface_0_0_stub.v:5]
INFO: [Synth 8-6157] synthesizing module 'design_1_rst_ps8_0_99M_0' [/asic/projects/C/CMS_PIX_28/nehak/spacely/spacely-caribou-common-blocks/configReg_interface/vivado/project_1/project_1.runs/synth_1/.Xil/Vivado-35187-fasic-beast1.fnal.gov/realtime/design_1_rst_ps8_0_99M_0_stub.v:5]
INFO: [Synth 8-6155] done synthesizing module 'design_1_rst_ps8_0_99M_0' (0#1) [/asic/projects/C/CMS_PIX_28/nehak/spacely/spacely-caribou-common-blocks/configReg_interface/vivado/project_1/project_1.runs/synth_1/.Xil/Vivado-35187-fasic-beast1.fnal.gov/realtime/design_1_rst_ps8_0_99M_0_stub.v:5]
WARNING: [Synth 8-7071] port 'mb_reset' of module 'design_1_rst_ps8_0_99M_0' is unconnected for instance 'rst_ps8_0_99M' [/asic/projects/C/CMS_PIX_28/nehak/spacely/spacely-caribou-common-blocks/configReg_interface/vivado/project_1/project_1.gen/sources_1/bd/design_1/synth/design_1.v:191]
WARNING: [Synth 8-7071] port 'bus_struct_reset' of module 'design_1_rst_ps8_0_99M_0' is unconnected for instance 'rst_ps8_0_99M' [/asic/projects/C/CMS_PIX_28/nehak/spacely/spacely-caribou-common-blocks/configReg_interface/vivado/project_1/project_1.gen/sources_1/bd/design_1/synth/design_1.v:191]
WARNING: [Synth 8-7071] port 'peripheral_reset' of module 'design_1_rst_ps8_0_99M_0' is unconnected for instance 'rst_ps8_0_99M' [/asic/projects/C/CMS_PIX_28/nehak/spacely/spacely-caribou-common-blocks/configReg_interface/vivado/project_1/project_1.gen/sources_1/bd/design_1/synth/design_1.v:191]
WARNING: [Synth 8-7023] instance 'rst_ps8_0_99M' of module 'design_1_rst_ps8_0_99M_0' has 10 connections declared, but only 7 given [/asic/projects/C/CMS_PIX_28/nehak/spacely/spacely-caribou-common-blocks/configReg_interface/vivado/project_1/project_1.gen/sources_1/bd/design_1/synth/design_1.v:191]
INFO: [Synth 8-6157] synthesizing module 'design_1_zynq_ultra_ps_e_0_0' [/asic/projects/C/CMS_PIX_28/nehak/spacely/spacely-caribou-common-blocks/configReg_interface/vivado/project_1/project_1.runs/synth_1/.Xil/Vivado-35187-fasic-beast1.fnal.gov/realtime/design_1_zynq_ultra_ps_e_0_0_stub.v:5]
INFO: [Synth 8-6155] done synthesizing module 'design_1_zynq_ultra_ps_e_0_0' (0#1) [/asic/projects/C/CMS_PIX_28/nehak/spacely/spacely-caribou-common-blocks/configReg_interface/vivado/project_1/project_1.runs/synth_1/.Xil/Vivado-35187-fasic-beast1.fnal.gov/realtime/design_1_zynq_ultra_ps_e_0_0_stub.v:5]
WARNING: [Synth 8-7071] port 'maxigp0_awuser' of module 'design_1_zynq_ultra_ps_e_0_0' is unconnected for instance 'zynq_ultra_ps_e_0' [/asic/projects/C/CMS_PIX_28/nehak/spacely/spacely-caribou-common-blocks/configReg_interface/vivado/project_1/project_1.gen/sources_1/bd/design_1/synth/design_1.v:199]
WARNING: [Synth 8-7071] port 'maxigp0_aruser' of module 'design_1_zynq_ultra_ps_e_0_0' is unconnected for instance 'zynq_ultra_ps_e_0' [/asic/projects/C/CMS_PIX_28/nehak/spacely/spacely-caribou-common-blocks/configReg_interface/vivado/project_1/project_1.gen/sources_1/bd/design_1/synth/design_1.v:199]
WARNING: [Synth 8-7023] instance 'zynq_ultra_ps_e_0' of module 'design_1_zynq_ultra_ps_e_0_0' has 43 connections declared, but only 41 given [/asic/projects/C/CMS_PIX_28/nehak/spacely/spacely-caribou-common-blocks/configReg_interface/vivado/project_1/project_1.gen/sources_1/bd/design_1/synth/design_1.v:199]
INFO: [Synth 8-6155] done synthesizing module 'design_1' (0#1) [/asic/projects/C/CMS_PIX_28/nehak/spacely/spacely-caribou-common-blocks/configReg_interface/vivado/project_1/project_1.gen/sources_1/bd/design_1/synth/design_1.v:12]
INFO: [Synth 8-6155] done synthesizing module 'design_1_wrapper' (0#1) [/asic/projects/C/CMS_PIX_28/nehak/spacely/spacely-caribou-common-blocks/configReg_interface/vivado/project_1/project_1.gen/sources_1/bd/design_1/hdl/design_1_wrapper.v:12]
WARNING: [Synth 8-7129] Port M_ACLK in module s00_couplers_imp_O7FAN0 is either unconnected or has no load
WARNING: [Synth 8-7129] Port M_ARESETN in module s00_couplers_imp_O7FAN0 is either unconnected or has no load
WARNING: [Synth 8-7129] Port ACLK in module design_1_axi_interconnect_0_0 is either unconnected or has no load
WARNING: [Synth 8-7129] Port ARESETN in module design_1_axi_interconnect_0_0 is either unconnected or has no load
---------------------------------------------------------------------------------
Finished RTL Elaboration : Time (s): cpu = 00:00:07 ; elapsed = 00:00:10 . Memory (MB): peak = 3352.203 ; gain = 253.949 ; free physical = 2233 ; free virtual = 401267
---------------------------------------------------------------------------------
---------------------------------------------------------------------------------
Start Handling Custom Attributes
---------------------------------------------------------------------------------
---------------------------------------------------------------------------------
Finished Handling Custom Attributes : Time (s): cpu = 00:00:07 ; elapsed = 00:00:10 . Memory (MB): peak = 3370.004 ; gain = 271.750 ; free physical = 2235 ; free virtual = 401268
---------------------------------------------------------------------------------
---------------------------------------------------------------------------------
Finished RTL Optimization Phase 1 : Time (s): cpu = 00:00:07 ; elapsed = 00:00:10 . Memory (MB): peak = 3370.004 ; gain = 271.750 ; free physical = 2235 ; free virtual = 401268
---------------------------------------------------------------------------------
Netlist sorting complete. Time (s): cpu = 00:00:00.01 ; elapsed = 00:00:00.01 . Memory (MB): peak = 3370.008 ; gain = 0.000 ; free physical = 2231 ; free virtual = 401264
INFO: [Project 1-570] Preparing netlist for logic optimization

Processing XDC Constraints
Initializing timing engine
Parsing XDC File [/asic/projects/C/CMS_PIX_28/nehak/spacely/spacely-caribou-common-blocks/configReg_interface/vivado/project_1/project_1.gen/sources_1/bd/design_1/ip/design_1_zynq_ultra_ps_e_0_0/design_1_zynq_ultra_ps_e_0_0/design_1_zynq_ultra_ps_e_0_0_in_context.xdc] for cell 'design_1_i/zynq_ultra_ps_e_0'
create_clock: Time (s): cpu = 00:00:06 ; elapsed = 00:00:06 . Memory (MB): peak = 3436.750 ; gain = 11.879 ; free physical = 2134 ; free virtual = 401269
Finished Parsing XDC File [/asic/projects/C/CMS_PIX_28/nehak/spacely/spacely-caribou-common-blocks/configReg_interface/vivado/project_1/project_1.gen/sources_1/bd/design_1/ip/design_1_zynq_ultra_ps_e_0_0/design_1_zynq_ultra_ps_e_0_0/design_1_zynq_ultra_ps_e_0_0_in_context.xdc] for cell 'design_1_i/zynq_ultra_ps_e_0'
Parsing XDC File [/asic/projects/C/CMS_PIX_28/nehak/spacely/spacely-caribou-common-blocks/configReg_interface/vivado/project_1/project_1.gen/sources_1/bd/design_1/ip/design_1_auto_ds_0/design_1_auto_ds_0/design_1_auto_ds_0_in_context.xdc] for cell 'design_1_i/axi_interconnect_0/s00_couplers/auto_ds'
Finished Parsing XDC File [/asic/projects/C/CMS_PIX_28/nehak/spacely/spacely-caribou-common-blocks/configReg_interface/vivado/project_1/project_1.gen/sources_1/bd/design_1/ip/design_1_auto_ds_0/design_1_auto_ds_0/design_1_auto_ds_0_in_context.xdc] for cell 'design_1_i/axi_interconnect_0/s00_couplers/auto_ds'
Parsing XDC File [/asic/projects/C/CMS_PIX_28/nehak/spacely/spacely-caribou-common-blocks/configReg_interface/vivado/project_1/project_1.gen/sources_1/bd/design_1/ip/design_1_auto_pc_0/design_1_auto_pc_0/design_1_auto_pc_0_in_context.xdc] for cell 'design_1_i/axi_interconnect_0/s00_couplers/auto_pc'
Finished Parsing XDC File [/asic/projects/C/CMS_PIX_28/nehak/spacely/spacely-caribou-common-blocks/configReg_interface/vivado/project_1/project_1.gen/sources_1/bd/design_1/ip/design_1_auto_pc_0/design_1_auto_pc_0/design_1_auto_pc_0_in_context.xdc] for cell 'design_1_i/axi_interconnect_0/s00_couplers/auto_pc'
Parsing XDC File [/asic/projects/C/CMS_PIX_28/nehak/spacely/spacely-caribou-common-blocks/configReg_interface/vivado/project_1/project_1.gen/sources_1/bd/design_1/ip/design_1_rst_ps8_0_99M_0/design_1_rst_ps8_0_99M_0/design_1_rst_ps8_0_99M_0_in_context.xdc] for cell 'design_1_i/rst_ps8_0_99M'
Finished Parsing XDC File [/asic/projects/C/CMS_PIX_28/nehak/spacely/spacely-caribou-common-blocks/configReg_interface/vivado/project_1/project_1.gen/sources_1/bd/design_1/ip/design_1_rst_ps8_0_99M_0/design_1_rst_ps8_0_99M_0/design_1_rst_ps8_0_99M_0_in_context.xdc] for cell 'design_1_i/rst_ps8_0_99M'
Parsing XDC File [/asic/projects/C/CMS_PIX_28/nehak/spacely/spacely-caribou-common-blocks/configReg_interface/vivado/project_1/project_1.gen/sources_1/bd/design_1/ip/design_1_configReg_interface_0_0/design_1_configReg_interface_0_0/design_1_configReg_interface_0_0_in_context.xdc] for cell 'design_1_i/configReg_interface_0'
Finished Parsing XDC File [/asic/projects/C/CMS_PIX_28/nehak/spacely/spacely-caribou-common-blocks/configReg_interface/vivado/project_1/project_1.gen/sources_1/bd/design_1/ip/design_1_configReg_interface_0_0/design_1_configReg_interface_0_0/design_1_configReg_interface_0_0_in_context.xdc] for cell 'design_1_i/configReg_interface_0'
Parsing XDC File [/asic/projects/C/CMS_PIX_28/nehak/spacely/spacely-caribou-common-blocks/configReg_interface/vivado/project_1/project_1.srcs/constrs_1/imports/new/configReg_interface.xdc]
Finished Parsing XDC File [/asic/projects/C/CMS_PIX_28/nehak/spacely/spacely-caribou-common-blocks/configReg_interface/vivado/project_1/project_1.srcs/constrs_1/imports/new/configReg_interface.xdc]
INFO: [Project 1-236] Implementation specific constraints were found while reading constraint file [/asic/projects/C/CMS_PIX_28/nehak/spacely/spacely-caribou-common-blocks/configReg_interface/vivado/project_1/project_1.srcs/constrs_1/imports/new/configReg_interface.xdc]. These constraints will be ignored for synthesis but will be used in implementation. Impacted constraints are listed in the file [.Xil/design_1_wrapper_propImpl.xdc].
Resolution: To avoid this warning, move constraints listed in [.Xil/design_1_wrapper_propImpl.xdc] to another XDC file and exclude this new file from synthesis with the used_in_synthesis property (File Properties dialog in GUI) and re-run elaboration/synthesis.
Parsing XDC File [/asic/projects/C/CMS_PIX_28/nehak/spacely/spacely-caribou-common-blocks/configReg_interface/vivado/project_1/project_1.runs/synth_1/dont_touch.xdc]
Finished Parsing XDC File [/asic/projects/C/CMS_PIX_28/nehak/spacely/spacely-caribou-common-blocks/configReg_interface/vivado/project_1/project_1.runs/synth_1/dont_touch.xdc]
Completed Processing XDC Constraints

Netlist sorting complete. Time (s): cpu = 00:00:00 ; elapsed = 00:00:00 . Memory (MB): peak = 3436.750 ; gain = 0.000 ; free physical = 2122 ; free virtual = 401257
INFO: [Project 1-111] Unisim Transformation Summary:
No Unisim elements were transformed.

Constraint Validation Runtime : Time (s): cpu = 00:00:00 ; elapsed = 00:00:00.01 . Memory (MB): peak = 3436.750 ; gain = 0.000 ; free physical = 2120 ; free virtual = 401256
INFO: [Designutils 20-5440] No compile time benefit to using incremental synthesis; A full resynthesis will be run
INFO: [Designutils 20-4379] Flow is switching to default flow due to incremental criteria not met. If you would like to alter this behaviour and have the flow terminate instead, please set the following parameter config_implementation {autoIncr.Synth.RejectBehavior Terminate}
---------------------------------------------------------------------------------
Finished Constraint Validation : Time (s): cpu = 00:00:21 ; elapsed = 00:00:26 . Memory (MB): peak = 3436.750 ; gain = 338.496 ; free physical = 2095 ; free virtual = 401231
---------------------------------------------------------------------------------
---------------------------------------------------------------------------------
Start Loading Part and Timing Information
---------------------------------------------------------------------------------
Loading part: xczu9eg-ffvb1156-2-e
INFO: [Synth 8-6742] Reading net delay rules and data
---------------------------------------------------------------------------------
Finished Loading Part and Timing Information : Time (s): cpu = 00:00:21 ; elapsed = 00:00:26 . Memory (MB): peak = 3436.750 ; gain = 338.496 ; free physical = 2095 ; free virtual = 401230
---------------------------------------------------------------------------------
---------------------------------------------------------------------------------
Start Applying 'set_property' XDC Constraints
---------------------------------------------------------------------------------
Applied set_property KEEP_HIERARCHY = SOFT for design_1_i. (constraint file  auto generated constraint).
Applied set_property KEEP_HIERARCHY = SOFT for design_1_i/zynq_ultra_ps_e_0. (constraint file  auto generated constraint).
Applied set_property KEEP_HIERARCHY = SOFT for design_1_i/axi_interconnect_0/s00_couplers/auto_ds. (constraint file  auto generated constraint).
Applied set_property KEEP_HIERARCHY = SOFT for design_1_i/axi_interconnect_0/s00_couplers/auto_pc. (constraint file  auto generated constraint).
Applied set_property KEEP_HIERARCHY = SOFT for design_1_i/axi_interconnect_0. (constraint file  auto generated constraint).
Applied set_property KEEP_HIERARCHY = SOFT for design_1_i/rst_ps8_0_99M. (constraint file  auto generated constraint).
Applied set_property KEEP_HIERARCHY = SOFT for design_1_i/configReg_interface_0. (constraint file  auto generated constraint).
---------------------------------------------------------------------------------
Finished applying 'set_property' XDC Constraints : Time (s): cpu = 00:00:22 ; elapsed = 00:00:26 . Memory (MB): peak = 3436.750 ; gain = 338.496 ; free physical = 2094 ; free virtual = 401230
---------------------------------------------------------------------------------
---------------------------------------------------------------------------------
Finished RTL Optimization Phase 2 : Time (s): cpu = 00:00:22 ; elapsed = 00:00:26 . Memory (MB): peak = 3436.750 ; gain = 338.496 ; free physical = 2097 ; free virtual = 401233
---------------------------------------------------------------------------------
---------------------------------------------------------------------------------
Start RTL Component Statistics 
---------------------------------------------------------------------------------
Detailed RTL Component Info : 
---------------------------------------------------------------------------------
Finished RTL Component Statistics 
---------------------------------------------------------------------------------
---------------------------------------------------------------------------------
Start Part Resource Summary
---------------------------------------------------------------------------------
Part Resources:
DSPs: 2520 (col length:168)
BRAMs: 1824 (col length: RAMB18 168 RAMB36 84)
---------------------------------------------------------------------------------
Finished Part Resource Summary
---------------------------------------------------------------------------------
---------------------------------------------------------------------------------
Start Cross Boundary and Area Optimization
---------------------------------------------------------------------------------
WARNING: [Synth 8-7080] Parallel synthesis criteria is not met
WARNING: [Synth 8-7129] Port ACLK in module design_1_axi_interconnect_0_0 is either unconnected or has no load
WARNING: [Synth 8-7129] Port ARESETN in module design_1_axi_interconnect_0_0 is either unconnected or has no load
WARNING: [Synth 8-7129] Port M00_ACLK in module design_1_axi_interconnect_0_0 is either unconnected or has no load
WARNING: [Synth 8-7129] Port M00_ARESETN in module design_1_axi_interconnect_0_0 is either unconnected or has no load
---------------------------------------------------------------------------------
Finished Cross Boundary and Area Optimization : Time (s): cpu = 00:00:23 ; elapsed = 00:00:28 . Memory (MB): peak = 3436.750 ; gain = 338.496 ; free physical = 2042 ; free virtual = 401221
---------------------------------------------------------------------------------
---------------------------------------------------------------------------------
Start Applying XDC Timing Constraints
---------------------------------------------------------------------------------
---------------------------------------------------------------------------------
Finished Applying XDC Timing Constraints : Time (s): cpu = 00:00:38 ; elapsed = 00:00:50 . Memory (MB): peak = 3824.762 ; gain = 726.508 ; free physical = 1542 ; free virtual = 400743
---------------------------------------------------------------------------------
---------------------------------------------------------------------------------
Start Timing Optimization
---------------------------------------------------------------------------------
---------------------------------------------------------------------------------
Finished Timing Optimization : Time (s): cpu = 00:00:38 ; elapsed = 00:00:50 . Memory (MB): peak = 3824.762 ; gain = 726.508 ; free physical = 1541 ; free virtual = 400743
---------------------------------------------------------------------------------
---------------------------------------------------------------------------------
Start Technology Mapping
---------------------------------------------------------------------------------
---------------------------------------------------------------------------------
Finished Technology Mapping : Time (s): cpu = 00:00:38 ; elapsed = 00:00:50 . Memory (MB): peak = 3844.793 ; gain = 746.539 ; free physical = 1530 ; free virtual = 400741
---------------------------------------------------------------------------------
---------------------------------------------------------------------------------
Start IO Insertion
---------------------------------------------------------------------------------
---------------------------------------------------------------------------------
Start Flattening Before IO Insertion
---------------------------------------------------------------------------------
---------------------------------------------------------------------------------
Finished Flattening Before IO Insertion
---------------------------------------------------------------------------------
---------------------------------------------------------------------------------
Start Final Netlist Cleanup
---------------------------------------------------------------------------------
---------------------------------------------------------------------------------
Finished Final Netlist Cleanup
---------------------------------------------------------------------------------
---------------------------------------------------------------------------------
Finished IO Insertion : Time (s): cpu = 00:00:43 ; elapsed = 00:00:56 . Memory (MB): peak = 3850.730 ; gain = 752.477 ; free physical = 1676 ; free virtual = 400904
---------------------------------------------------------------------------------
---------------------------------------------------------------------------------
Start Renaming Generated Instances
---------------------------------------------------------------------------------
---------------------------------------------------------------------------------
Finished Renaming Generated Instances : Time (s): cpu = 00:00:43 ; elapsed = 00:00:56 . Memory (MB): peak = 3850.730 ; gain = 752.477 ; free physical = 1676 ; free virtual = 400904
---------------------------------------------------------------------------------
---------------------------------------------------------------------------------
Start Rebuilding User Hierarchy
---------------------------------------------------------------------------------
---------------------------------------------------------------------------------
Finished Rebuilding User Hierarchy : Time (s): cpu = 00:00:43 ; elapsed = 00:00:56 . Memory (MB): peak = 3850.730 ; gain = 752.477 ; free physical = 1676 ; free virtual = 400904
---------------------------------------------------------------------------------
---------------------------------------------------------------------------------
Start Renaming Generated Ports
---------------------------------------------------------------------------------
---------------------------------------------------------------------------------
Finished Renaming Generated Ports : Time (s): cpu = 00:00:43 ; elapsed = 00:00:56 . Memory (MB): peak = 3850.730 ; gain = 752.477 ; free physical = 1676 ; free virtual = 400904
---------------------------------------------------------------------------------
---------------------------------------------------------------------------------
Start Handling Custom Attributes
---------------------------------------------------------------------------------
---------------------------------------------------------------------------------
Finished Handling Custom Attributes : Time (s): cpu = 00:00:43 ; elapsed = 00:00:56 . Memory (MB): peak = 3850.730 ; gain = 752.477 ; free physical = 1676 ; free virtual = 400904
---------------------------------------------------------------------------------
---------------------------------------------------------------------------------
Start Renaming Generated Nets
---------------------------------------------------------------------------------
---------------------------------------------------------------------------------
Finished Renaming Generated Nets : Time (s): cpu = 00:00:43 ; elapsed = 00:00:56 . Memory (MB): peak = 3850.730 ; gain = 752.477 ; free physical = 1676 ; free virtual = 400904
---------------------------------------------------------------------------------
---------------------------------------------------------------------------------
Start Writing Synthesis Report
---------------------------------------------------------------------------------

Report BlackBoxes: 
+------+---------------------------------+----------+
|      |BlackBox name                    |Instances |
+------+---------------------------------+----------+
|1     |design_1_auto_ds_0               |         1|
|2     |design_1_auto_pc_0               |         1|
|3     |design_1_configReg_interface_0_0 |         1|
|4     |design_1_rst_ps8_0_99M_0         |         1|
|5     |design_1_zynq_ultra_ps_e_0_0     |         1|
+------+---------------------------------+----------+

Report Cell Usage: 
+------+-------------------------------+------+
|      |Cell                           |Count |
+------+-------------------------------+------+
|1     |design_1_auto_ds               |     1|
|2     |design_1_auto_pc               |     1|
|3     |design_1_configReg_interface_0 |     1|
|4     |design_1_rst_ps8_0_99M         |     1|
|5     |design_1_zynq_ultra_ps_e_0     |     1|
|6     |IBUF                           |     1|
|7     |OBUF                           |     5|
+------+-------------------------------+------+
---------------------------------------------------------------------------------
Finished Writing Synthesis Report : Time (s): cpu = 00:00:43 ; elapsed = 00:00:56 . Memory (MB): peak = 3850.730 ; gain = 752.477 ; free physical = 1676 ; free virtual = 400904
---------------------------------------------------------------------------------
Synthesis finished with 0 errors, 0 critical warnings and 5 warnings.
Synthesis Optimization Runtime : Time (s): cpu = 00:00:35 ; elapsed = 00:00:47 . Memory (MB): peak = 3850.730 ; gain = 685.730 ; free physical = 1720 ; free virtual = 400948
Synthesis Optimization Complete : Time (s): cpu = 00:00:43 ; elapsed = 00:00:56 . Memory (MB): peak = 3850.738 ; gain = 752.477 ; free physical = 1723 ; free virtual = 400951
INFO: [Project 1-571] Translating synthesized netlist
Netlist sorting complete. Time (s): cpu = 00:00:00.01 ; elapsed = 00:00:00.01 . Memory (MB): peak = 3862.703 ; gain = 0.000 ; free physical = 1814 ; free virtual = 401042
INFO: [Netlist 29-17] Analyzing 1 Unisim elements for replacement
INFO: [Netlist 29-28] Unisim Transformation completed in 0 CPU seconds
INFO: [Project 1-570] Preparing netlist for logic optimization
INFO: [Opt 31-138] Pushed 0 inverter(s) to 0 load pin(s).
Netlist sorting complete. Time (s): cpu = 00:00:00 ; elapsed = 00:00:00 . Memory (MB): peak = 3887.488 ; gain = 0.000 ; free physical = 1743 ; free virtual = 400971
INFO: [Project 1-111] Unisim Transformation Summary:
  A total of 1 instances were transformed.
  IBUF => IBUF (IBUFCTRL, INBUF): 1 instance 

Synth Design complete, checksum: 45b69980
INFO: [Common 17-83] Releasing license: Synthesis
43 Infos, 16 Warnings, 0 Critical Warnings and 0 Errors encountered.
synth_design completed successfully
synth_design: Time (s): cpu = 00:00:58 ; elapsed = 00:01:10 . Memory (MB): peak = 3887.488 ; gain = 789.234 ; free physical = 1947 ; free virtual = 401175
INFO: [Common 17-1381] The checkpoint '/asic/projects/C/CMS_PIX_28/nehak/spacely/spacely-caribou-common-blocks/configReg_interface/vivado/project_1/project_1.runs/synth_1/design_1_wrapper.dcp' has been generated.
INFO: [runtcl-4] Executing : report_utilization -file design_1_wrapper_utilization_synth.rpt -pb design_1_wrapper_utilization_synth.pb
INFO: [Common 17-206] Exiting Vivado at Wed May 22 09:29:31 2024...
