Vivado Simulator v2022.1
Copyright 1986-1999, 2001-2022 Xilinx, Inc. All Rights Reserved.
Running: /asic/cad/Xilinx/Vivado/2022.1/bin/unwrapped/lnx64.o/xelab --incr --debug typical --relax --mt 8 -L xil_defaultlib -L axi_infrastructure_v1_1_0 -L axi_vip_v1_1_12 -L zynq_ultra_ps_e_vip_v1_0_12 -L axi_lite_ipif_v3_0_4 -L lib_cdc_v1_0_2 -L lib_pkg_v1_0_2 -L axi_timer_v2_0_28 -L interrupt_control_v3_1_4 -L axi_gpio_v2_0_28 -L generic_baseblocks_v2_1_0 -L axi_register_slice_v2_1_26 -L fifo_generator_v13_2_7 -L axi_data_fifo_v2_1_25 -L axi_crossbar_v2_1_27 -L proc_sys_reset_v5_0_13 -L jtag_axi -L gigantic_mux -L xlconcat_v2_1_4 -L axi_protocol_converter_v2_1_26 -L uvm -L xilinx_vip -L unisims_ver -L unimacro_ver -L secureip -L xpm --snapshot demo2_led_sim_tb_behav xil_defaultlib.demo2_led_sim_tb xil_defaultlib.glbl -log elaborate.log 
Using 8 slave threads.
Starting static elaboration
Pass Through NonSizing Optimizer
WARNING: [VRFC 10-5021] port 'gpio_io_t' is not connected on this instance [/asic/projects/S/SParkDream/aquinn/demo2_led/demo2_led.ip_user_files/bd/demo2_led_sim/sim/demo2_led_sim.v:109]
WARNING: [VRFC 10-5021] port 'mb_reset' is not connected on this instance [/asic/projects/S/SParkDream/aquinn/demo2_led/demo2_led.ip_user_files/bd/demo2_led_sim/sim/demo2_led_sim.v:285]
WARNING: [VRFC 10-5021] port 'aclk2x' is not connected on this instance [/wrk/ci/prod/2022.1/sw/continuous/2573/packages/customer/vivado/data/ip/xilinx/axi_protocol_converter_v2_1/hdl/axi_protocol_converter_v2_1_vl_rfs.v:4376]
WARNING: [VRFC 10-5021] port 'aclk2x' is not connected on this instance [/wrk/ci/prod/2022.1/sw/continuous/2573/packages/customer/vivado/data/ip/xilinx/axi_protocol_converter_v2_1/hdl/axi_protocol_converter_v2_1_vl_rfs.v:4631]
Completed static elaboration
Starting simulation data flow analysis
Completed simulation data flow analysis
Time Resolution for simulation is 1ps
Compiling package std.standard
Compiling package std.textio
Compiling package ieee.std_logic_1164
Compiling package ieee.numeric_std
Compiling package ieee.std_logic_arith
Compiling package ieee.std_logic_unsigned
Compiling package synopsys.attributes
Compiling package ieee.std_logic_misc
Compiling package axi_lite_ipif_v3_0_4.ipif_pkg
Compiling package unisim.vcomponents
Compiling package ieee.vital_timing
Compiling package ieee.vital_primitives
Compiling package unisim.vpkg
Compiling package xilinx_vip.axi_vip_pkg
Compiling package xilinx_vip.xil_common_vip_pkg
Compiling package std.std
Compiling module unisims_ver.IOBUF
Compiling architecture imp of entity axi_lite_ipif_v3_0_4.pselect_f [\pselect_f(c_ab=2,c_aw=2,c_bar="...]
Compiling architecture imp of entity axi_lite_ipif_v3_0_4.pselect_f [\pselect_f(c_ab=2,c_aw=2,c_bar="...]
Compiling architecture imp of entity axi_lite_ipif_v3_0_4.pselect_f [\pselect_f(c_ab=2,c_aw=2,c_bar="...]
Compiling architecture imp of entity axi_lite_ipif_v3_0_4.pselect_f [\pselect_f(c_ab=2,c_aw=2,c_bar="...]
Compiling architecture imp of entity axi_lite_ipif_v3_0_4.address_decoder [\address_decoder(c_bus_awidth=9,...]
Compiling architecture imp of entity axi_lite_ipif_v3_0_4.slave_attachment [\slave_attachment(c_ard_addr_ran...]
Compiling architecture imp of entity axi_lite_ipif_v3_0_4.axi_lite_ipif [\axi_lite_ipif(c_s_axi_addr_widt...]
Compiling architecture fdre_v of entity unisim.FDRE [fdre_default]
Compiling architecture fdr_v of entity unisim.FDR [fdr_default]
Compiling architecture implementation of entity lib_cdc_v1_0_2.cdc_sync [\cdc_sync(c_single_bit=0,c_mtbf_...]
Compiling architecture imp of entity axi_gpio_v2_0_28.GPIO_Core [\GPIO_Core(c_aw=9,c_family="zynq...]
Compiling architecture imp of entity axi_gpio_v2_0_28.axi_gpio [\axi_gpio(c_family="zynquplus")(...]
Compiling architecture demo2_led_sim_axi_gpio_0_0_arch of entity xil_defaultlib.demo2_led_sim_axi_gpio_0_0 [demo2_led_sim_axi_gpio_0_0_defau...]
Compiling architecture demo2_led_sim_axi_gpio_1_0_arch of entity xil_defaultlib.demo2_led_sim_axi_gpio_1_0 [demo2_led_sim_axi_gpio_1_0_defau...]
Compiling module xilinx_vip.axi_vip_axi4pc(WDATA_WIDTH=32,RD...
Compiling module xilinx_vip.cb
Compiling module xilinx_vip.axi_vip_if_default
Compiling module axi_vip_v1_1_12.axi_vip_v1_1_12_top(C_AXI_INTERF...
Compiling module xil_defaultlib.demo2_led_sim_axi_vip_0_0
Compiling module xil_defaultlib.m00_couplers_imp_7NWD10
Compiling module xil_defaultlib.m01_couplers_imp_ZRT1Y8
Compiling module axi_infrastructure_v1_1_0.axi_infrastructure_v1_1_0_axi2ve...
Compiling module axi_infrastructure_v1_1_0.axi_infrastructure_v1_1_0_vector...
Compiling module axi_register_slice_v2_1_26.axi_register_slice_v2_1_26_axic_...
Compiling module axi_register_slice_v2_1_26.axi_register_slice_v2_1_26_axic_...
Compiling module axi_register_slice_v2_1_26.axi_register_slice_v2_1_26_axic_...
Compiling module axi_register_slice_v2_1_26.axi_register_slice_v2_1_26_axic_...
Compiling module axi_register_slice_v2_1_26.axi_register_slice_v2_1_26_axi_r...
Compiling module axi_protocol_converter_v2_1_26.axi_protocol_converter_v2_1_26_b...
Compiling module axi_protocol_converter_v2_1_26.axi_protocol_converter_v2_1_26_b...
Compiling module axi_protocol_converter_v2_1_26.axi_protocol_converter_v2_1_26_b...
Compiling module axi_protocol_converter_v2_1_26.axi_protocol_converter_v2_1_26_b...
Compiling module axi_protocol_converter_v2_1_26.axi_protocol_converter_v2_1_26_b...
Compiling module axi_protocol_converter_v2_1_26.axi_protocol_converter_v2_1_26_b...
Compiling module axi_protocol_converter_v2_1_26.axi_protocol_converter_v2_1_26_b...
Compiling module axi_protocol_converter_v2_1_26.axi_protocol_converter_v2_1_26_b...
Compiling module axi_protocol_converter_v2_1_26.axi_protocol_converter_v2_1_26_b...
Compiling module axi_protocol_converter_v2_1_26.axi_protocol_converter_v2_1_26_b...
Compiling module axi_protocol_converter_v2_1_26.axi_protocol_converter_v2_1_26_b...
Compiling module axi_protocol_converter_v2_1_26.axi_protocol_converter_v2_1_26_b...
Compiling module axi_protocol_converter_v2_1_26.axi_protocol_converter_v2_1_26_b...
Compiling module axi_infrastructure_v1_1_0.axi_infrastructure_v1_1_0_axi2ve...
Compiling module axi_infrastructure_v1_1_0.axi_infrastructure_v1_1_0_vector...
Compiling module axi_register_slice_v2_1_26.axi_register_slice_v2_1_26_axic_...
Compiling module axi_register_slice_v2_1_26.axi_register_slice_v2_1_26_axic_...
Compiling module axi_register_slice_v2_1_26.axi_register_slice_v2_1_26_axic_...
Compiling module axi_register_slice_v2_1_26.axi_register_slice_v2_1_26_axic_...
Compiling module axi_register_slice_v2_1_26.axi_register_slice_v2_1_26_axi_r...
Compiling module axi_protocol_converter_v2_1_26.axi_protocol_converter_v2_1_26_b...
Compiling module axi_protocol_converter_v2_1_26.axi_protocol_converter_v2_1_26_a...
Compiling module xil_defaultlib.demo2_led_sim_auto_pc_0
Compiling module xil_defaultlib.s00_couplers_imp_17FLAJ
Compiling module axi_crossbar_v2_1_27.axi_crossbar_v2_1_27_addr_arbite...
Compiling module generic_baseblocks_v2_1_0.generic_baseblocks_v2_1_0_carry_...
Compiling module generic_baseblocks_v2_1_0.generic_baseblocks_v2_1_0_compar...
Compiling module generic_baseblocks_v2_1_0.generic_baseblocks_v2_1_0_compar...
Compiling module axi_crossbar_v2_1_27.axi_crossbar_v2_1_27_addr_decode...
Compiling module axi_crossbar_v2_1_27.axi_crossbar_v2_1_27_splitter(C_...
Compiling module axi_crossbar_v2_1_27.axi_crossbar_v2_1_27_splitter
Compiling module generic_baseblocks_v2_1_0.generic_baseblocks_v2_1_0_mux_en...
Compiling module generic_baseblocks_v2_1_0.generic_baseblocks_v2_1_0_mux_en...
Compiling module generic_baseblocks_v2_1_0.generic_baseblocks_v2_1_0_mux_en...
Compiling module axi_register_slice_v2_1_26.axi_register_slice_v2_1_26_axic_...
Compiling module generic_baseblocks_v2_1_0.generic_baseblocks_v2_1_0_mux_en...
Compiling module axi_crossbar_v2_1_27.axi_crossbar_v2_1_27_decerr_slav...
Compiling module axi_crossbar_v2_1_27.axi_crossbar_v2_1_27_crossbar_sa...
Compiling module axi_crossbar_v2_1_27.axi_crossbar_v2_1_27_axi_crossba...
Compiling module xil_defaultlib.demo2_led_sim_xbar_0
Compiling module xil_defaultlib.demo2_led_sim_axi_vip_0_axi_peri...
Compiling module unisims_ver.IBUF
Compiling module unisims_ver.MMCME4_ADV(CLKFBOUT_MULT_F=12.0,...
Compiling module unisims_ver.BUFG
Compiling module xil_defaultlib.demo2_led_sim_clk_wiz_0_clk_wiz
Compiling module xil_defaultlib.demo2_led_sim_clk_wiz_0
Compiling module xil_defaultlib.demo2_led_sim_ila_0_0
Compiling architecture fdre_v of entity unisim.FDRE [\FDRE(init='1')\]
Compiling architecture implementation of entity lib_cdc_v1_0_2.cdc_sync [\cdc_sync(c_vector_width=2,c_mtb...]
Compiling architecture srl16e_v of entity unisim.SRL16E [\SRL16E(init="1111111111111111")...]
Compiling architecture srl16_v of entity unisim.SRL16 [\SRL16(init="1111111111111111")(...]
Compiling architecture imp of entity proc_sys_reset_v5_0_13.lpf [\lpf(c_ext_rst_width=4,c_aux_rst...]
Compiling architecture imp of entity proc_sys_reset_v5_0_13.upcnt_n [\upcnt_n(c_size=6)\]
Compiling architecture imp of entity proc_sys_reset_v5_0_13.sequence_psr [sequence_psr_default]
Compiling architecture imp of entity proc_sys_reset_v5_0_13.proc_sys_reset [\proc_sys_reset(c_family="zynqup...]
Compiling architecture demo2_led_sim_rst_clk_wiz_100m_0_arch of entity xil_defaultlib.demo2_led_sim_rst_clk_wiz_100M_0 [demo2_led_sim_rst_clk_wiz_100m_0...]
Compiling module xil_defaultlib.demo2_led_sim
Compiling module xil_defaultlib.demo2_led_sim_wrapper
Compiling module xil_defaultlib.demo2_led_sim_tb
Compiling module xil_defaultlib.glbl
Built simulation snapshot demo2_led_sim_tb_behav
