
*** Running vivado
    with args -log demo2_led_sim_ila_0_0.vds -m64 -product Vivado -mode batch -messageDb vivado.pb -notrace -source demo2_led_sim_ila_0_0.tcl


****** Vivado v2022.2 (64-bit)
  **** SW Build 3671981 on Fri Oct 14 04:59:54 MDT 2022
  **** IP Build 3669848 on Fri Oct 14 08:30:02 MDT 2022
    ** Copyright 1986-2022 Xilinx, Inc. All Rights Reserved.

source demo2_led_sim_ila_0_0.tcl -notrace
INFO: [IP_Flow 19-6924] IPCACHE: Running cache check for IP inst: demo2_led_sim_ila_0_0
Command: synth_design -top demo2_led_sim_ila_0_0 -part xczu9eg-ffvb1156-2-e -incremental_mode off -mode out_of_context
Starting synth_design
WARNING: [Vivado_Tcl 4-391] The following IPs are missing output products for Synthesis target. These output products could be required for synthesis, please generate the output products using the generate_target or synth_ip command before running synth_design.
/local/d1/mcp011/demo2_led/project_1/project_1.srcs/sources_1/bd/demo2_led_sim/ip/demo2_led_sim_ila_0_0/demo2_led_sim_ila_0_0.xci

WARNING: [Vivado_Tcl 4-391] The following IPs are missing output products for Implementation target. These output products could be required for synthesis, please generate the output products using the generate_target or synth_ip command before running synth_design.
/local/d1/mcp011/demo2_led/project_1/project_1.srcs/sources_1/bd/demo2_led_sim/ip/demo2_led_sim_ila_0_0/demo2_led_sim_ila_0_0.xci

Attempting to get a license for feature 'Synthesis' and/or device 'xczu9eg'
INFO: [Common 17-349] Got license for feature 'Synthesis' and/or device 'xczu9eg'
INFO: [Device 21-403] Loading part xczu9eg-ffvb1156-2-e
INFO: [Synth 8-7079] Multithreading enabled for synth_design using a maximum of 4 processes.
INFO: [Synth 8-7078] Launching helper process for spawning children vivado processes
INFO: [Synth 8-7075] Helper process launched with PID 1974888
INFO: [Synth 8-11241] undeclared symbol 'REGCCE', assumed default net type 'wire' [/code/Xilinx/Vivado/2022.2/data/verilog/src/unimacro/BRAM_SINGLE_MACRO.v:2170]
---------------------------------------------------------------------------------
Starting RTL Elaboration : Time (s): cpu = 00:00:03 ; elapsed = 00:00:04 . Memory (MB): peak = 3160.055 ; gain = 238.801 ; free physical = 88091 ; free virtual = 105392
Synthesis current peak Physical Memory [PSS] (MB): peak = 1893.401; parent = 1776.364; children = 117.037
Synthesis current peak Virtual Memory [VSS] (MB): peak = 4758.762; parent = 3163.027; children = 1595.734
---------------------------------------------------------------------------------
ERROR: [Synth 8-439] module 'demo2_led_sim_ila_0_0' not found
---------------------------------------------------------------------------------
Finished RTL Elaboration : Time (s): cpu = 00:00:04 ; elapsed = 00:00:05 . Memory (MB): peak = 3227.992 ; gain = 306.738 ; free physical = 89514 ; free virtual = 106815
Synthesis current peak Physical Memory [PSS] (MB): peak = 2017.759; parent = 1888.525; children = 129.233
Synthesis current peak Virtual Memory [VSS] (MB): peak = 4823.730; parent = 3227.996; children = 1595.734
---------------------------------------------------------------------------------
RTL Elaboration failed
INFO: [Common 17-83] Releasing license: Synthesis
8 Infos, 2 Warnings, 0 Critical Warnings and 2 Errors encountered.
synth_design failed
ERROR: [Common 17-69] Command failed: Synthesis failed - please see the console or run log file for details
INFO: [Common 17-206] Exiting Vivado at Thu Apr 18 14:36:54 2024...
