
*** Running vivado
    with args -log demo2_led_sim_axi_vip_0_0.vds -m64 -product Vivado -mode batch -messageDb vivado.pb -notrace -source demo2_led_sim_axi_vip_0_0.tcl


****** Vivado v2022.2 (64-bit)
  **** SW Build 3671981 on Fri Oct 14 04:59:54 MDT 2022
  **** IP Build 3669848 on Fri Oct 14 08:30:02 MDT 2022
    ** Copyright 1986-2022 Xilinx, Inc. All Rights Reserved.

source demo2_led_sim_axi_vip_0_0.tcl -notrace
INFO: [IP_Flow 19-6924] IPCACHE: Running cache check for IP inst: demo2_led_sim_axi_vip_0_0
Command: synth_design -top demo2_led_sim_axi_vip_0_0 -part xczu9eg-ffvb1156-2-e -incremental_mode off -mode out_of_context
Starting synth_design
WARNING: [Vivado_Tcl 4-391] The following IPs are missing output products for Synthesis target. These output products could be required for synthesis, please generate the output products using the generate_target or synth_ip command before running synth_design.
/local/d1/mcp011/demo2_led/project_1/project_1.srcs/sources_1/bd/demo2_led_sim/ip/demo2_led_sim_axi_vip_0_0/demo2_led_sim_axi_vip_0_0.xci

INFO: [IP_Flow 19-2162] IP 'demo2_led_sim_axi_vip_0_0' is locked:
* IP definition 'AXI Verification IP (1.1)' for IP 'demo2_led_sim_axi_vip_0_0' (customized with software release 2022.1) has a different revision in the IP Catalog.
Attempting to get a license for feature 'Synthesis' and/or device 'xczu9eg'
INFO: [Common 17-349] Got license for feature 'Synthesis' and/or device 'xczu9eg'
INFO: [Device 21-403] Loading part xczu9eg-ffvb1156-2-e
INFO: [Synth 8-7079] Multithreading enabled for synth_design using a maximum of 4 processes.
INFO: [Synth 8-7078] Launching helper process for spawning children vivado processes
INFO: [Synth 8-7075] Helper process launched with PID 1974667
INFO: [Synth 8-11241] undeclared symbol 'REGCCE', assumed default net type 'wire' [/code/Xilinx/Vivado/2022.2/data/verilog/src/unimacro/BRAM_SINGLE_MACRO.v:2170]
---------------------------------------------------------------------------------
Starting RTL Elaboration : Time (s): cpu = 00:00:03 ; elapsed = 00:00:03 . Memory (MB): peak = 3138.980 ; gain = 247.801 ; free physical = 88377 ; free virtual = 105678
Synthesis current peak Physical Memory [PSS] (MB): peak = 1925.849; parent = 1816.945; children = 108.903
Synthesis current peak Virtual Memory [VSS] (MB): peak = 4725.781; parent = 3141.953; children = 1583.828
---------------------------------------------------------------------------------
ERROR: [Synth 8-439] module 'demo2_led_sim_axi_vip_0_0' not found
---------------------------------------------------------------------------------
Finished RTL Elaboration : Time (s): cpu = 00:00:04 ; elapsed = 00:00:05 . Memory (MB): peak = 3207.918 ; gain = 316.738 ; free physical = 87922 ; free virtual = 105223
Synthesis current peak Physical Memory [PSS] (MB): peak = 2009.456; parent = 1900.553; children = 108.903
Synthesis current peak Virtual Memory [VSS] (MB): peak = 4791.750; parent = 3207.922; children = 1583.828
---------------------------------------------------------------------------------
RTL Elaboration failed
INFO: [Common 17-83] Releasing license: Synthesis
9 Infos, 1 Warnings, 0 Critical Warnings and 2 Errors encountered.
synth_design failed
ERROR: [Common 17-69] Command failed: Synthesis failed - please see the console or run log file for details
INFO: [Common 17-206] Exiting Vivado at Thu Apr 18 14:36:52 2024...
