Copyright 1986-2022 Xilinx, Inc. All Rights Reserved.
-----------------------------------------------------------------------------------------------------------------------------
| Tool Version : Vivado v.2022.1 (lin64) Build 3526262 Mon Apr 18 15:47:01 MDT 2022
| Date         : Tue May 21 19:52:46 2024
| Host         : fasic-beast1.fnal.gov running 64-bit Scientific Linux release 7.9 (Nitrogen)
| Command      : report_utilization -file design_1_wrapper_utilization_placed.rpt -pb design_1_wrapper_utilization_placed.pb
| Design       : design_1_wrapper
| Device       : xczu9eg-ffvb1156-2-e
| Speed File   : -2
| Design State : Fully Placed
-----------------------------------------------------------------------------------------------------------------------------

Utilization Design Information

Table of Contents
-----------------
1. CLB Logic
1.1 Summary of Registers by Type
2. CLB Logic Distribution
3. BLOCKRAM
4. ARITHMETIC
5. I/O
6. CLOCK
7. ADVANCED
8. CONFIGURATION
9. Primitives
10. Black Boxes
11. Instantiated Netlists

1. CLB Logic
------------

+----------------------------+------+-------+------------+-----------+-------+
|          Site Type         | Used | Fixed | Prohibited | Available | Util% |
+----------------------------+------+-------+------------+-----------+-------+
| CLB LUTs                   | 1311 |     0 |          0 |    274080 |  0.48 |
|   LUT as Logic             | 1256 |     0 |          0 |    274080 |  0.46 |
|   LUT as Memory            |   55 |     0 |          0 |    144000 |  0.04 |
|     LUT as Distributed RAM |   44 |     0 |            |           |       |
|     LUT as Shift Register  |   11 |     0 |            |           |       |
| CLB Registers              | 1657 |     0 |          0 |    548160 |  0.30 |
|   Register as Flip Flop    | 1657 |     0 |          0 |    548160 |  0.30 |
|   Register as Latch        |    0 |     0 |          0 |    548160 |  0.00 |
| CARRY8                     |    6 |     0 |          0 |     34260 |  0.02 |
| F7 Muxes                   |   74 |     0 |          0 |    137040 |  0.05 |
| F8 Muxes                   |   36 |     0 |          0 |     68520 |  0.05 |
| F9 Muxes                   |    0 |     0 |          0 |     34260 |  0.00 |
+----------------------------+------+-------+------------+-----------+-------+


1.1 Summary of Registers by Type
--------------------------------

+-------+--------------+-------------+--------------+
| Total | Clock Enable | Synchronous | Asynchronous |
+-------+--------------+-------------+--------------+
| 0     |            _ |           - |            - |
| 0     |            _ |           - |          Set |
| 0     |            _ |           - |        Reset |
| 0     |            _ |         Set |            - |
| 0     |            _ |       Reset |            - |
| 0     |          Yes |           - |            - |
| 34    |          Yes |           - |          Set |
| 153   |          Yes |           - |        Reset |
| 26    |          Yes |         Set |            - |
| 1444  |          Yes |       Reset |            - |
+-------+--------------+-------------+--------------+


2. CLB Logic Distribution
-------------------------

+--------------------------------------------+------+-------+------------+-----------+-------+
|                  Site Type                 | Used | Fixed | Prohibited | Available | Util% |
+--------------------------------------------+------+-------+------------+-----------+-------+
| CLB                                        |  329 |     0 |          0 |     34260 |  0.96 |
|   CLBL                                     |  146 |     0 |            |           |       |
|   CLBM                                     |  183 |     0 |            |           |       |
| LUT as Logic                               | 1256 |     0 |          0 |    274080 |  0.46 |
|   using O5 output only                     |   52 |       |            |           |       |
|   using O6 output only                     |  922 |       |            |           |       |
|   using O5 and O6                          |  282 |       |            |           |       |
| LUT as Memory                              |   55 |     0 |          0 |    144000 |  0.04 |
|   LUT as Distributed RAM                   |   44 |     0 |            |           |       |
|     using O5 output only                   |    0 |       |            |           |       |
|     using O6 output only                   |    4 |       |            |           |       |
|     using O5 and O6                        |   40 |       |            |           |       |
|   LUT as Shift Register                    |   11 |     0 |            |           |       |
|     using O5 output only                   |    0 |       |            |           |       |
|     using O6 output only                   |   11 |       |            |           |       |
|     using O5 and O6                        |    0 |       |            |           |       |
| CLB Registers                              | 1657 |     0 |          0 |    548160 |  0.30 |
|   Register driven from within the CLB      |  595 |       |            |           |       |
|   Register driven from outside the CLB     | 1062 |       |            |           |       |
|     LUT in front of the register is unused |  699 |       |            |           |       |
|     LUT in front of the register is used   |  363 |       |            |           |       |
| Unique Control Sets                        |  174 |       |          0 |     68520 |  0.25 |
+--------------------------------------------+------+-------+------------+-----------+-------+
* * Note: Available Control Sets calculated as Slices * 2, Review the Control Sets Report for more information regarding control sets.


3. BLOCKRAM
-----------

+----------------+------+-------+------------+-----------+-------+
|    Site Type   | Used | Fixed | Prohibited | Available | Util% |
+----------------+------+-------+------------+-----------+-------+
| Block RAM Tile |    0 |     0 |          0 |       912 |  0.00 |
|   RAMB36/FIFO* |    0 |     0 |          0 |       912 |  0.00 |
|   RAMB18       |    0 |     0 |          0 |      1824 |  0.00 |
+----------------+------+-------+------------+-----------+-------+
* Note: Each Block RAM Tile only has one FIFO logic available and therefore can accommodate only one FIFO36E2 or one FIFO18E2. However, if a FIFO18E2 occupies a Block RAM Tile, that tile can still accommodate a RAMB18E2


4. ARITHMETIC
-------------

+-----------+------+-------+------------+-----------+-------+
| Site Type | Used | Fixed | Prohibited | Available | Util% |
+-----------+------+-------+------------+-----------+-------+
| DSPs      |    0 |     0 |          0 |      2520 |  0.00 |
+-----------+------+-------+------------+-----------+-------+


5. I/O
------

+------------------+------+-------+------------+-----------+-------+
|     Site Type    | Used | Fixed | Prohibited | Available | Util% |
+------------------+------+-------+------------+-----------+-------+
| Bonded IOB       |    6 |     6 |          0 |       328 |  1.83 |
| HPIOB_M          |    3 |     3 |          0 |        96 |  3.13 |
|   INPUT          |    0 |       |            |           |       |
|   OUTPUT         |    3 |       |            |           |       |
|   BIDIR          |    0 |       |            |           |       |
| HPIOB_S          |    3 |     3 |          0 |        96 |  3.13 |
|   INPUT          |    1 |       |            |           |       |
|   OUTPUT         |    2 |       |            |           |       |
|   BIDIR          |    0 |       |            |           |       |
| HDIOB_M          |    0 |     0 |          0 |        60 |  0.00 |
| HDIOB_S          |    0 |     0 |          0 |        60 |  0.00 |
| HPIOB_SNGL       |    0 |     0 |          0 |        16 |  0.00 |
| HPIOBDIFFINBUF   |    0 |     0 |          0 |        96 |  0.00 |
| HPIOBDIFFOUTBUF  |    0 |     0 |          0 |        96 |  0.00 |
| HDIOBDIFFINBUF   |    0 |     0 |          0 |        60 |  0.00 |
| BITSLICE_CONTROL |    0 |     0 |          0 |        32 |  0.00 |
| BITSLICE_RX_TX   |    0 |     0 |          0 |      1248 |  0.00 |
| BITSLICE_TX      |    0 |     0 |          0 |        32 |  0.00 |
| RIU_OR           |    0 |     0 |          0 |        16 |  0.00 |
+------------------+------+-------+------------+-----------+-------+


6. CLOCK
--------

+----------------------+------+-------+------------+-----------+-------+
|       Site Type      | Used | Fixed | Prohibited | Available | Util% |
+----------------------+------+-------+------------+-----------+-------+
| GLOBAL CLOCK BUFFERs |    1 |     0 |          0 |       404 |  0.25 |
|   BUFGCE             |    0 |     0 |          0 |       116 |  0.00 |
|   BUFGCE_DIV         |    0 |     0 |          0 |        16 |  0.00 |
|   BUFG_GT            |    0 |     0 |          0 |       168 |  0.00 |
|   BUFG_PS            |    1 |     0 |          0 |        72 |  1.39 |
|   BUFGCTRL*          |    0 |     0 |          0 |        32 |  0.00 |
| PLL                  |    0 |     0 |          0 |         8 |  0.00 |
| MMCM                 |    0 |     0 |          0 |         4 |  0.00 |
+----------------------+------+-------+------------+-----------+-------+
* Note: Each used BUFGCTRL counts as two GLOBAL CLOCK BUFFERs. This table does not include global clocking resources, only buffer cell usage. See the Clock Utilization Report (report_clock_utilization) for detailed accounting of global clocking resource availability.


7. ADVANCED
-----------

+-----------------+------+-------+------------+-----------+--------+
|    Site Type    | Used | Fixed | Prohibited | Available |  Util% |
+-----------------+------+-------+------------+-----------+--------+
| GTHE4_CHANNEL   |    0 |     0 |          0 |        24 |   0.00 |
| GTHE4_COMMON    |    0 |     0 |          0 |         6 |   0.00 |
| OBUFDS_GTE4     |    0 |     0 |          0 |        12 |   0.00 |
| OBUFDS_GTE4_ADV |    0 |     0 |          0 |        12 |   0.00 |
| PS8             |    1 |     0 |          0 |         1 | 100.00 |
| SYSMONE4        |    0 |     0 |          0 |         1 |   0.00 |
+-----------------+------+-------+------------+-----------+--------+


8. CONFIGURATION
----------------

+-------------+------+-------+------------+-----------+-------+
|  Site Type  | Used | Fixed | Prohibited | Available | Util% |
+-------------+------+-------+------------+-----------+-------+
| BSCANE2     |    0 |     0 |          0 |         4 |  0.00 |
| DNA_PORTE2  |    0 |     0 |          0 |         1 |  0.00 |
| EFUSE_USR   |    0 |     0 |          0 |         1 |  0.00 |
| FRAME_ECCE4 |    0 |     0 |          0 |         1 |  0.00 |
| ICAPE3      |    0 |     0 |          0 |         2 |  0.00 |
| MASTER_JTAG |    0 |     0 |          0 |         1 |  0.00 |
| STARTUPE3   |    0 |     0 |          0 |         1 |  0.00 |
+-------------+------+-------+------------+-----------+-------+


9. Primitives
-------------

+----------+------+---------------------+
| Ref Name | Used | Functional Category |
+----------+------+---------------------+
| FDRE     | 1444 |            Register |
| LUT6     |  737 |                 CLB |
| LUT5     |  223 |                 CLB |
| LUT2     |  180 |                 CLB |
| LUT3     |  175 |                 CLB |
| LUT4     |  157 |                 CLB |
| FDCE     |  153 |            Register |
| RAMD32   |   74 |                 CLB |
| MUXF7    |   74 |                 CLB |
| LUT1     |   66 |                 CLB |
| MUXF8    |   36 |                 CLB |
| FDPE     |   34 |            Register |
| FDSE     |   26 |            Register |
| RAMS32   |   10 |                 CLB |
| SRL16E   |    9 |                 CLB |
| CARRY8   |    6 |                 CLB |
| OBUF     |    5 |                 I/O |
| SRLC32E  |    2 |                 CLB |
| PS8      |    1 |            Advanced |
| INBUF    |    1 |                 I/O |
| IBUFCTRL |    1 |              Others |
| BUFG_PS  |    1 |               Clock |
+----------+------+---------------------+


10. Black Boxes
---------------

+----------+------+
| Ref Name | Used |
+----------+------+


11. Instantiated Netlists
-------------------------

+----------------------------------+------+
|             Ref Name             | Used |
+----------------------------------+------+
| design_1_zynq_ultra_ps_e_0_0     |    1 |
| design_1_rst_ps8_0_99M_0         |    1 |
| design_1_configReg_interface_0_0 |    1 |
| design_1_auto_pc_0               |    1 |
| design_1_auto_ds_0               |    1 |
+----------------------------------+------+


